{"C:\\Dev\\GitHub-Projects\\onjs\\src\\client.js": {"path":"C:\\Dev\\GitHub-Projects\\onjs\\src\\client.js","statementMap":{"0":{"start":{"line":6,"column":16},"end":{"line":6,"column":41}},"1":{"start":{"line":7,"column":18},"end":{"line":7,"column":44}},"2":{"start":{"line":8,"column":28},"end":{"line":8,"column":53}},"3":{"start":{"line":9,"column":15},"end":{"line":9,"column":40}},"4":{"start":{"line":12,"column":19},"end":{"line":12,"column":51}},"5":{"start":{"line":15,"column":12},"end":{"line":15,"column":41}},"6":{"start":{"line":34,"column":21},"end":{"line":34,"column":83}},"7":{"start":{"line":37,"column":4},"end":{"line":52,"column":5}},"8":{"start":{"line":38,"column":24},"end":{"line":38,"column":75}},"9":{"start":{"line":39,"column":24},"end":{"line":39,"column":75}},"10":{"start":{"line":41,"column":6},"end":{"line":43,"column":7}},"11":{"start":{"line":42,"column":8},"end":{"line":42,"column":91}},"12":{"start":{"line":44,"column":11},"end":{"line":52,"column":5}},"13":{"start":{"line":45,"column":25},"end":{"line":45,"column":78}},"14":{"start":{"line":47,"column":6},"end":{"line":49,"column":7}},"15":{"start":{"line":48,"column":8},"end":{"line":48,"column":75}},"16":{"start":{"line":51,"column":6},"end":{"line":51,"column":85}},"17":{"start":{"line":55,"column":4},"end":{"line":61,"column":7}},"18":{"start":{"line":64,"column":4},"end":{"line":64,"column":45}},"19":{"start":{"line":67,"column":4},"end":{"line":67,"column":52}},"20":{"start":{"line":69,"column":4},"end":{"line":69,"column":75}},"21":{"start":{"line":77,"column":4},"end":{"line":81,"column":5}},"22":{"start":{"line":78,"column":6},"end":{"line":78,"column":52}},"23":{"start":{"line":80,"column":6},"end":{"line":80,"column":66}},"24":{"start":{"line":93,"column":28},"end":{"line":95,"column":15}},"25":{"start":{"line":97,"column":4},"end":{"line":99,"column":5}},"26":{"start":{"line":98,"column":6},"end":{"line":98,"column":51}},"27":{"start":{"line":101,"column":4},"end":{"line":115,"column":5}},"28":{"start":{"line":102,"column":23},"end":{"line":102,"column":79}},"29":{"start":{"line":105,"column":6},"end":{"line":107,"column":7}},"30":{"start":{"line":106,"column":8},"end":{"line":106,"column":74}},"31":{"start":{"line":109,"column":6},"end":{"line":109,"column":70}},"32":{"start":{"line":112,"column":6},"end":{"line":112,"column":50}},"33":{"start":{"line":114,"column":6},"end":{"line":114,"column":68}},"34":{"start":{"line":124,"column":4},"end":{"line":126,"column":5}},"35":{"start":{"line":125,"column":6},"end":{"line":125,"column":49}},"36":{"start":{"line":128,"column":4},"end":{"line":136,"column":5}},"37":{"start":{"line":129,"column":23},"end":{"line":129,"column":71}},"38":{"start":{"line":130,"column":6},"end":{"line":130,"column":72}},"39":{"start":{"line":133,"column":6},"end":{"line":133,"column":50}},"40":{"start":{"line":135,"column":6},"end":{"line":135,"column":80}},"41":{"start":{"line":147,"column":24},"end":{"line":150,"column":5}},"42":{"start":{"line":152,"column":4},"end":{"line":160,"column":5}},"43":{"start":{"line":153,"column":23},"end":{"line":153,"column":74}},"44":{"start":{"line":154,"column":6},"end":{"line":154,"column":66}},"45":{"start":{"line":157,"column":6},"end":{"line":157,"column":80}},"46":{"start":{"line":157,"column":47},"end":{"line":157,"column":78}},"47":{"start":{"line":159,"column":6},"end":{"line":159,"column":67}},"48":{"start":{"line":169,"column":4},"end":{"line":224,"column":6}},"49":{"start":{"line":180,"column":25},"end":{"line":180,"column":49}},"50":{"start":{"line":183,"column":34},"end":{"line":183,"column":79}},"51":{"start":{"line":183,"column":54},"end":{"line":183,"column":78}},"52":{"start":{"line":185,"column":8},"end":{"line":187,"column":9}},"53":{"start":{"line":186,"column":10},"end":{"line":186,"column":62}},"54":{"start":{"line":190,"column":8},"end":{"line":190,"column":56}},"55":{"start":{"line":194,"column":25},"end":{"line":197,"column":10}},"56":{"start":{"line":199,"column":8},"end":{"line":199,"column":30}},"57":{"start":{"line":203,"column":8},"end":{"line":205,"column":9}},"58":{"start":{"line":204,"column":10},"end":{"line":204,"column":52}},"59":{"start":{"line":207,"column":8},"end":{"line":212,"column":11}},"60":{"start":{"line":216,"column":8},"end":{"line":216,"column":57}},"61":{"start":{"line":217,"column":8},"end":{"line":217,"column":64}},"62":{"start":{"line":218,"column":8},"end":{"line":218,"column":20}},"63":{"start":{"line":228,"column":0},"end":{"line":228,"column":31}}},"fnMap":{"0":{"name":"(anonymous_0)","decl":{"start":{"line":32,"column":2},"end":{"line":32,"column":3}},"loc":{"start":{"line":32,"column":28},"end":{"line":70,"column":3}},"line":32},"1":{"name":"(anonymous_1)","decl":{"start":{"line":76,"column":2},"end":{"line":76,"column":3}},"loc":{"start":{"line":76,"column":22},"end":{"line":82,"column":3}},"line":76},"2":{"name":"(anonymous_2)","decl":{"start":{"line":92,"column":2},"end":{"line":92,"column":3}},"loc":{"start":{"line":92,"column":32},"end":{"line":116,"column":3}},"line":92},"3":{"name":"(anonymous_3)","decl":{"start":{"line":123,"column":2},"end":{"line":123,"column":3}},"loc":{"start":{"line":123,"column":32},"end":{"line":137,"column":3}},"line":123},"4":{"name":"(anonymous_4)","decl":{"start":{"line":146,"column":2},"end":{"line":146,"column":3}},"loc":{"start":{"line":146,"column":36},"end":{"line":161,"column":3}},"line":146},"5":{"name":"(anonymous_5)","decl":{"start":{"line":157,"column":40},"end":{"line":157,"column":41}},"loc":{"start":{"line":157,"column":47},"end":{"line":157,"column":78}},"line":157},"6":{"name":"(anonymous_6)","decl":{"start":{"line":167,"column":2},"end":{"line":167,"column":3}},"loc":{"start":{"line":167,"column":38},"end":{"line":225,"column":3}},"line":167},"7":{"name":"(anonymous_7)","decl":{"start":{"line":178,"column":6},"end":{"line":178,"column":7}},"loc":{"start":{"line":178,"column":35},"end":{"line":191,"column":7}},"line":178},"8":{"name":"(anonymous_8)","decl":{"start":{"line":183,"column":48},"end":{"line":183,"column":49}},"loc":{"start":{"line":183,"column":54},"end":{"line":183,"column":78}},"line":183},"9":{"name":"(anonymous_9)","decl":{"start":{"line":193,"column":6},"end":{"line":193,"column":7}},"loc":{"start":{"line":193,"column":26},"end":{"line":200,"column":7}},"line":193},"10":{"name":"(anonymous_10)","decl":{"start":{"line":202,"column":6},"end":{"line":202,"column":7}},"loc":{"start":{"line":202,"column":37},"end":{"line":213,"column":7}},"line":202},"11":{"name":"(anonymous_11)","decl":{"start":{"line":215,"column":6},"end":{"line":215,"column":7}},"loc":{"start":{"line":215,"column":21},"end":{"line":219,"column":7}},"line":215}},"branchMap":{"0":{"loc":{"start":{"line":32,"column":14},"end":{"line":32,"column":26}},"type":"default-arg","locations":[{"start":{"line":32,"column":24},"end":{"line":32,"column":26}}],"line":32},"1":{"loc":{"start":{"line":34,"column":21},"end":{"line":34,"column":83}},"type":"binary-expr","locations":[{"start":{"line":34,"column":21},"end":{"line":34,"column":37}},{"start":{"line":34,"column":41},"end":{"line":34,"column":70}},{"start":{"line":34,"column":74},"end":{"line":34,"column":83}}],"line":34},"2":{"loc":{"start":{"line":37,"column":4},"end":{"line":52,"column":5}},"type":"if","locations":[{"start":{"line":37,"column":4},"end":{"line":52,"column":5}},{"start":{"line":44,"column":11},"end":{"line":52,"column":5}}],"line":37},"3":{"loc":{"start":{"line":38,"column":24},"end":{"line":38,"column":75}},"type":"binary-expr","locations":[{"start":{"line":38,"column":24},"end":{"line":38,"column":41}},{"start":{"line":38,"column":45},"end":{"line":38,"column":75}}],"line":38},"4":{"loc":{"start":{"line":39,"column":24},"end":{"line":39,"column":75}},"type":"binary-expr","locations":[{"start":{"line":39,"column":24},"end":{"line":39,"column":41}},{"start":{"line":39,"column":45},"end":{"line":39,"column":75}}],"line":39},"5":{"loc":{"start":{"line":41,"column":6},"end":{"line":43,"column":7}},"type":"if","locations":[{"start":{"line":41,"column":6},"end":{"line":43,"column":7}},{"start":{},"end":{}}],"line":41},"6":{"loc":{"start":{"line":41,"column":10},"end":{"line":41,"column":34}},"type":"binary-expr","locations":[{"start":{"line":41,"column":10},"end":{"line":41,"column":20}},{"start":{"line":41,"column":24},"end":{"line":41,"column":34}}],"line":41},"7":{"loc":{"start":{"line":44,"column":11},"end":{"line":52,"column":5}},"type":"if","locations":[{"start":{"line":44,"column":11},"end":{"line":52,"column":5}},{"start":{"line":50,"column":11},"end":{"line":52,"column":5}}],"line":44},"8":{"loc":{"start":{"line":45,"column":25},"end":{"line":45,"column":78}},"type":"binary-expr","locations":[{"start":{"line":45,"column":25},"end":{"line":45,"column":43}},{"start":{"line":45,"column":47},"end":{"line":45,"column":78}}],"line":45},"9":{"loc":{"start":{"line":47,"column":6},"end":{"line":49,"column":7}},"type":"if","locations":[{"start":{"line":47,"column":6},"end":{"line":49,"column":7}},{"start":{},"end":{}}],"line":47},"10":{"loc":{"start":{"line":57,"column":17},"end":{"line":57,"column":68}},"type":"binary-expr","locations":[{"start":{"line":57,"column":17},"end":{"line":57,"column":34}},{"start":{"line":57,"column":38},"end":{"line":57,"column":68}}],"line":57},"11":{"loc":{"start":{"line":58,"column":17},"end":{"line":58,"column":68}},"type":"binary-expr","locations":[{"start":{"line":58,"column":17},"end":{"line":58,"column":34}},{"start":{"line":58,"column":38},"end":{"line":58,"column":68}}],"line":58},"12":{"loc":{"start":{"line":59,"column":18},"end":{"line":59,"column":71}},"type":"binary-expr","locations":[{"start":{"line":59,"column":18},"end":{"line":59,"column":36}},{"start":{"line":59,"column":40},"end":{"line":59,"column":71}}],"line":59},"13":{"loc":{"start":{"line":60,"column":15},"end":{"line":60,"column":63}},"type":"binary-expr","locations":[{"start":{"line":60,"column":15},"end":{"line":60,"column":30}},{"start":{"line":60,"column":34},"end":{"line":60,"column":63}}],"line":60},"14":{"loc":{"start":{"line":67,"column":22},"end":{"line":67,"column":51}},"type":"binary-expr","locations":[{"start":{"line":67,"column":22},"end":{"line":67,"column":40}},{"start":{"line":67,"column":44},"end":{"line":67,"column":51}}],"line":67},"15":{"loc":{"start":{"line":93,"column":28},"end":{"line":95,"column":15}},"type":"cond-expr","locations":[{"start":{"line":94,"column":8},"end":{"line":94,"column":25}},{"start":{"line":95,"column":8},"end":{"line":95,"column":15}}],"line":93},"16":{"loc":{"start":{"line":97,"column":4},"end":{"line":99,"column":5}},"type":"if","locations":[{"start":{"line":97,"column":4},"end":{"line":99,"column":5}},{"start":{},"end":{}}],"line":97},"17":{"loc":{"start":{"line":105,"column":6},"end":{"line":107,"column":7}},"type":"if","locations":[{"start":{"line":105,"column":6},"end":{"line":107,"column":7}},{"start":{},"end":{}}],"line":105},"18":{"loc":{"start":{"line":105,"column":10},"end":{"line":105,"column":35}},"type":"binary-expr","locations":[{"start":{"line":105,"column":10},"end":{"line":105,"column":19}},{"start":{"line":105,"column":23},"end":{"line":105,"column":35}}],"line":105},"19":{"loc":{"start":{"line":124,"column":4},"end":{"line":126,"column":5}},"type":"if","locations":[{"start":{"line":124,"column":4},"end":{"line":126,"column":5}},{"start":{},"end":{}}],"line":124},"20":{"loc":{"start":{"line":146,"column":22},"end":{"line":146,"column":34}},"type":"default-arg","locations":[{"start":{"line":146,"column":32},"end":{"line":146,"column":34}}],"line":146},"21":{"loc":{"start":{"line":148,"column":13},"end":{"line":148,"column":32}},"type":"binary-expr","locations":[{"start":{"line":148,"column":13},"end":{"line":148,"column":26}},{"start":{"line":148,"column":30},"end":{"line":148,"column":32}}],"line":148},"22":{"loc":{"start":{"line":149,"column":14},"end":{"line":149,"column":33}},"type":"binary-expr","locations":[{"start":{"line":149,"column":14},"end":{"line":149,"column":28}},{"start":{"line":149,"column":32},"end":{"line":149,"column":33}}],"line":149},"23":{"loc":{"start":{"line":154,"column":25},"end":{"line":154,"column":52}},"type":"binary-expr","locations":[{"start":{"line":154,"column":25},"end":{"line":154,"column":47}},{"start":{"line":154,"column":51},"end":{"line":154,"column":52}}],"line":154},"24":{"loc":{"start":{"line":157,"column":14},"end":{"line":157,"column":34}},"type":"binary-expr","locations":[{"start":{"line":157,"column":14},"end":{"line":157,"column":28}},{"start":{"line":157,"column":32},"end":{"line":157,"column":34}}],"line":157},"25":{"loc":{"start":{"line":173,"column":24},"end":{"line":175,"column":7}},"type":"binary-expr","locations":[{"start":{"line":173,"column":24},"end":{"line":173,"column":53}},{"start":{"line":173,"column":57},"end":{"line":175,"column":7}}],"line":173},"26":{"loc":{"start":{"line":174,"column":12},"end":{"line":174,"column":79}},"type":"binary-expr","locations":[{"start":{"line":174,"column":12},"end":{"line":174,"column":43}},{"start":{"line":174,"column":47},"end":{"line":174,"column":79}}],"line":174},"27":{"loc":{"start":{"line":185,"column":8},"end":{"line":187,"column":9}},"type":"if","locations":[{"start":{"line":185,"column":8},"end":{"line":187,"column":9}},{"start":{},"end":{}}],"line":185},"28":{"loc":{"start":{"line":199,"column":15},"end":{"line":199,"column":29}},"type":"binary-expr","locations":[{"start":{"line":199,"column":15},"end":{"line":199,"column":23}},{"start":{"line":199,"column":27},"end":{"line":199,"column":29}}],"line":199},"29":{"loc":{"start":{"line":203,"column":8},"end":{"line":205,"column":9}},"type":"if","locations":[{"start":{"line":203,"column":8},"end":{"line":205,"column":9}},{"start":{},"end":{}}],"line":203}},"s":{"0":1,"1":1,"2":0,"3":0,"4":0,"5":0,"6":0,"7":0,"8":0,"9":0,"10":0,"11":0,"12":0,"13":0,"14":0,"15":0,"16":0,"17":0,"18":0,"19":0,"20":0,"21":0,"22":0,"23":0,"24":0,"25":0,"26":0,"27":0,"28":0,"29":0,"30":0,"31":0,"32":0,"33":0,"34":0,"35":0,"36":0,"37":0,"38":0,"39":0,"40":0,"41":0,"42":0,"43":0,"44":0,"45":0,"46":0,"47":0,"48":0,"49":0,"50":0,"51":0,"52":0,"53":0,"54":0,"55":0,"56":0,"57":0,"58":0,"59":0,"60":0,"61":0,"62":0,"63":0},"f":{"0":0,"1":0,"2":0,"3":0,"4":0,"5":0,"6":0,"7":0,"8":0,"9":0,"10":0,"11":0},"b":{"0":[0],"1":[0,0,0],"2":[0,0],"3":[0,0],"4":[0,0],"5":[0,0],"6":[0,0],"7":[0,0],"8":[0,0],"9":[0,0],"10":[0,0],"11":[0,0],"12":[0,0],"13":[0,0],"14":[0,0],"15":[0,0],"16":[0,0],"17":[0,0],"18":[0,0],"19":[0,0],"20":[0],"21":[0,0],"22":[0,0],"23":[0,0],"24":[0,0],"25":[0,0],"26":[0,0],"27":[0,0],"28":[0,0],"29":[0,0]},"_coverageSchema":"1a1c01bbd47fc00a2c39e90264f33305004495a9","hash":"09428bfc28ee6dc0affc7e8d6f6bf7a217d693e1"}
,"C:\\Dev\\GitHub-Projects\\onjs\\src\\api\\rest-api.js": {"path":"C:\\Dev\\GitHub-Projects\\onjs\\src\\api\\rest-api.js","statementMap":{"0":{"start":{"line":2,"column":14},"end":{"line":2,"column":30}},"1":{"start":{"line":3,"column":20},"end":{"line":3,"column":51}},"2":{"start":{"line":4,"column":15},"end":{"line":4,"column":41}},"3":{"start":{"line":19,"column":4},"end":{"line":28,"column":5}},"4":{"start":{"line":20,"column":6},"end":{"line":20,"column":38}},"5":{"start":{"line":22,"column":6},"end":{"line":27,"column":9}},"6":{"start":{"line":30,"column":4},"end":{"line":30,"column":68}},"7":{"start":{"line":33,"column":4},"end":{"line":35,"column":5}},"8":{"start":{"line":34,"column":6},"end":{"line":34,"column":47}},"9":{"start":{"line":38,"column":4},"end":{"line":38,"column":40}},"10":{"start":{"line":41,"column":4},"end":{"line":41,"column":42}},"11":{"start":{"line":42,"column":4},"end":{"line":42,"column":86}},"12":{"start":{"line":55,"column":20},"end":{"line":55,"column":24}},"13":{"start":{"line":56,"column":4},"end":{"line":58,"column":5}},"14":{"start":{"line":57,"column":6},"end":{"line":57,"column":34}},"15":{"start":{"line":61,"column":21},"end":{"line":61,"column":23}},"16":{"start":{"line":62,"column":4},"end":{"line":64,"column":5}},"17":{"start":{"line":63,"column":6},"end":{"line":63,"column":74}},"18":{"start":{"line":67,"column":20},"end":{"line":67,"column":88}},"19":{"start":{"line":69,"column":4},"end":{"line":110,"column":5}},"20":{"start":{"line":70,"column":6},"end":{"line":78,"column":7}},"21":{"start":{"line":71,"column":8},"end":{"line":75,"column":11}},"22":{"start":{"line":77,"column":8},"end":{"line":77,"column":90}},"23":{"start":{"line":80,"column":23},"end":{"line":86,"column":8}},"24":{"start":{"line":88,"column":6},"end":{"line":88,"column":27}},"25":{"start":{"line":91,"column":28},"end":{"line":91,"column":54}},"26":{"start":{"line":92,"column":25},"end":{"line":92,"column":47}},"27":{"start":{"line":94,"column":6},"end":{"line":94,"column":69}},"28":{"start":{"line":95,"column":6},"end":{"line":95,"column":65}},"29":{"start":{"line":97,"column":6},"end":{"line":106,"column":7}},"30":{"start":{"line":99,"column":8},"end":{"line":105,"column":11}},"31":{"start":{"line":109,"column":6},"end":{"line":109,"column":62}},"32":{"start":{"line":115,"column":4},"end":{"line":115,"column":56}},"33":{"start":{"line":119,"column":4},"end":{"line":119,"column":57}},"34":{"start":{"line":123,"column":4},"end":{"line":123,"column":56}},"35":{"start":{"line":127,"column":4},"end":{"line":127,"column":59}},"36":{"start":{"line":131,"column":0},"end":{"line":131,"column":25}}},"fnMap":{"0":{"name":"(anonymous_0)","decl":{"start":{"line":17,"column":2},"end":{"line":17,"column":3}},"loc":{"start":{"line":17,"column":23},"end":{"line":43,"column":3}},"line":17},"1":{"name":"(anonymous_1)","decl":{"start":{"line":53,"column":2},"end":{"line":53,"column":3}},"loc":{"start":{"line":53,"column":61},"end":{"line":111,"column":3}},"line":53},"2":{"name":"(anonymous_2)","decl":{"start":{"line":114,"column":2},"end":{"line":114,"column":3}},"loc":{"start":{"line":114,"column":36},"end":{"line":116,"column":3}},"line":114},"3":{"name":"(anonymous_3)","decl":{"start":{"line":118,"column":2},"end":{"line":118,"column":3}},"loc":{"start":{"line":118,"column":43},"end":{"line":120,"column":3}},"line":118},"4":{"name":"(anonymous_4)","decl":{"start":{"line":122,"column":2},"end":{"line":122,"column":3}},"loc":{"start":{"line":122,"column":42},"end":{"line":124,"column":3}},"line":122},"5":{"name":"(anonymous_5)","decl":{"start":{"line":126,"column":2},"end":{"line":126,"column":3}},"loc":{"start":{"line":126,"column":39},"end":{"line":128,"column":3}},"line":126}},"branchMap":{"0":{"loc":{"start":{"line":19,"column":4},"end":{"line":28,"column":5}},"type":"if","locations":[{"start":{"line":19,"column":4},"end":{"line":28,"column":5}},{"start":{"line":21,"column":11},"end":{"line":28,"column":5}}],"line":19},"1":{"loc":{"start":{"line":23,"column":18},"end":{"line":23,"column":80}},"type":"binary-expr","locations":[{"start":{"line":23,"column":18},"end":{"line":23,"column":34}},{"start":{"line":23,"column":38},"end":{"line":23,"column":67}},{"start":{"line":23,"column":71},"end":{"line":23,"column":80}}],"line":23},"2":{"loc":{"start":{"line":24,"column":19},"end":{"line":24,"column":70}},"type":"binary-expr","locations":[{"start":{"line":24,"column":19},"end":{"line":24,"column":36}},{"start":{"line":24,"column":40},"end":{"line":24,"column":70}}],"line":24},"3":{"loc":{"start":{"line":25,"column":19},"end":{"line":25,"column":70}},"type":"binary-expr","locations":[{"start":{"line":25,"column":19},"end":{"line":25,"column":36}},{"start":{"line":25,"column":40},"end":{"line":25,"column":70}}],"line":25},"4":{"loc":{"start":{"line":26,"column":20},"end":{"line":26,"column":73}},"type":"binary-expr","locations":[{"start":{"line":26,"column":20},"end":{"line":26,"column":38}},{"start":{"line":26,"column":42},"end":{"line":26,"column":73}}],"line":26},"5":{"loc":{"start":{"line":30,"column":19},"end":{"line":30,"column":67}},"type":"binary-expr","locations":[{"start":{"line":30,"column":19},"end":{"line":30,"column":34}},{"start":{"line":30,"column":38},"end":{"line":30,"column":67}}],"line":30},"6":{"loc":{"start":{"line":33,"column":4},"end":{"line":35,"column":5}},"type":"if","locations":[{"start":{"line":33,"column":4},"end":{"line":35,"column":5}},{"start":{},"end":{}}],"line":33},"7":{"loc":{"start":{"line":38,"column":17},"end":{"line":38,"column":39}},"type":"binary-expr","locations":[{"start":{"line":38,"column":17},"end":{"line":38,"column":30}},{"start":{"line":38,"column":34},"end":{"line":38,"column":39}}],"line":38},"8":{"loc":{"start":{"line":53,"column":30},"end":{"line":53,"column":41}},"type":"default-arg","locations":[{"start":{"line":53,"column":37},"end":{"line":53,"column":41}}],"line":53},"9":{"loc":{"start":{"line":53,"column":43},"end":{"line":53,"column":59}},"type":"default-arg","locations":[{"start":{"line":53,"column":57},"end":{"line":53,"column":59}}],"line":53},"10":{"loc":{"start":{"line":56,"column":4},"end":{"line":58,"column":5}},"type":"if","locations":[{"start":{"line":56,"column":4},"end":{"line":58,"column":5}},{"start":{},"end":{}}],"line":56},"11":{"loc":{"start":{"line":62,"column":4},"end":{"line":64,"column":5}},"type":"if","locations":[{"start":{"line":62,"column":4},"end":{"line":64,"column":5}},{"start":{},"end":{}}],"line":62},"12":{"loc":{"start":{"line":62,"column":8},"end":{"line":62,"column":43}},"type":"binary-expr","locations":[{"start":{"line":62,"column":8},"end":{"line":62,"column":21}},{"start":{"line":62,"column":25},"end":{"line":62,"column":43}}],"line":62},"13":{"loc":{"start":{"line":63,"column":19},"end":{"line":63,"column":73}},"type":"cond-expr","locations":[{"start":{"line":63,"column":46},"end":{"line":63,"column":50}},{"start":{"line":63,"column":53},"end":{"line":63,"column":73}}],"line":63},"14":{"loc":{"start":{"line":70,"column":6},"end":{"line":78,"column":7}},"type":"if","locations":[{"start":{"line":70,"column":6},"end":{"line":78,"column":7}},{"start":{"line":76,"column":13},"end":{"line":78,"column":7}}],"line":70},"15":{"loc":{"start":{"line":84,"column":14},"end":{"line":84,"column":37}},"type":"binary-expr","locations":[{"start":{"line":84,"column":14},"end":{"line":84,"column":24}},{"start":{"line":84,"column":28},"end":{"line":84,"column":37}}],"line":84},"16":{"loc":{"start":{"line":91,"column":28},"end":{"line":91,"column":54}},"type":"binary-expr","locations":[{"start":{"line":91,"column":28},"end":{"line":91,"column":48}},{"start":{"line":91,"column":52},"end":{"line":91,"column":54}}],"line":91},"17":{"loc":{"start":{"line":97,"column":6},"end":{"line":106,"column":7}},"type":"if","locations":[{"start":{"line":97,"column":6},"end":{"line":106,"column":7}},{"start":{},"end":{}}],"line":97},"18":{"loc":{"start":{"line":97,"column":10},"end":{"line":97,"column":37}},"type":"binary-expr","locations":[{"start":{"line":97,"column":10},"end":{"line":97,"column":20}},{"start":{"line":97,"column":24},"end":{"line":97,"column":37}}],"line":97},"19":{"loc":{"start":{"line":114,"column":18},"end":{"line":114,"column":34}},"type":"default-arg","locations":[{"start":{"line":114,"column":32},"end":{"line":114,"column":34}}],"line":114},"20":{"loc":{"start":{"line":118,"column":25},"end":{"line":118,"column":41}},"type":"default-arg","locations":[{"start":{"line":118,"column":39},"end":{"line":118,"column":41}}],"line":118},"21":{"loc":{"start":{"line":122,"column":24},"end":{"line":122,"column":40}},"type":"default-arg","locations":[{"start":{"line":122,"column":38},"end":{"line":122,"column":40}}],"line":122},"22":{"loc":{"start":{"line":126,"column":21},"end":{"line":126,"column":37}},"type":"default-arg","locations":[{"start":{"line":126,"column":35},"end":{"line":126,"column":37}}],"line":126}},"s":{"0":1,"1":1,"2":1,"3":0,"4":0,"5":0,"6":0,"7":0,"8":0,"9":0,"10":0,"11":0,"12":0,"13":0,"14":0,"15":0,"16":0,"17":0,"18":0,"19":0,"20":0,"21":0,"22":0,"23":0,"24":0,"25":0,"26":0,"27":0,"28":0,"29":0,"30":0,"31":0,"32":0,"33":0,"34":0,"35":0,"36":1},"f":{"0":0,"1":0,"2":0,"3":0,"4":0,"5":0},"b":{"0":[0,0],"1":[0,0,0],"2":[0,0],"3":[0,0],"4":[0,0],"5":[0,0],"6":[0,0],"7":[0,0],"8":[0],"9":[0],"10":[0,0],"11":[0,0],"12":[0,0],"13":[0,0],"14":[0,0],"15":[0,0],"16":[0,0],"17":[0,0],"18":[0,0],"19":[0],"20":[0],"21":[0],"22":[0]},"_coverageSchema":"1a1c01bbd47fc00a2c39e90264f33305004495a9","hash":"c59371daf7452d700f8eb7e6efc1856775632abd"}
,"C:\\Dev\\GitHub-Projects\\onjs\\src\\api\\simple-rest-api.js": {"path":"C:\\Dev\\GitHub-Projects\\onjs\\src\\api\\simple-rest-api.js","statementMap":{"0":{"start":{"line":5,"column":14},"end":{"line":5,"column":30}},"1":{"start":{"line":6,"column":20},"end":{"line":6,"column":51}},"2":{"start":{"line":7,"column":15},"end":{"line":7,"column":41}},"3":{"start":{"line":21,"column":4},"end":{"line":21,"column":102}},"4":{"start":{"line":22,"column":4},"end":{"line":22,"column":40}},"5":{"start":{"line":23,"column":4},"end":{"line":23,"column":86}},"6":{"start":{"line":26,"column":4},"end":{"line":45,"column":5}},"7":{"start":{"line":28,"column":6},"end":{"line":28,"column":45}},"8":{"start":{"line":31,"column":26},"end":{"line":31,"column":57}},"9":{"start":{"line":32,"column":6},"end":{"line":44,"column":7}},"10":{"start":{"line":33,"column":8},"end":{"line":39,"column":11}},"11":{"start":{"line":41,"column":8},"end":{"line":41,"column":79}},"12":{"start":{"line":42,"column":8},"end":{"line":42,"column":67}},"13":{"start":{"line":47,"column":4},"end":{"line":47,"column":138}},"14":{"start":{"line":60,"column":4},"end":{"line":169,"column":5}},"15":{"start":{"line":62,"column":6},"end":{"line":64,"column":7}},"16":{"start":{"line":63,"column":8},"end":{"line":63,"column":95}},"17":{"start":{"line":67,"column":26},"end":{"line":73,"column":7}},"18":{"start":{"line":75,"column":6},"end":{"line":75,"column":83}},"19":{"start":{"line":78,"column":22},"end":{"line":78,"column":26}},"20":{"start":{"line":79,"column":6},"end":{"line":81,"column":7}},"21":{"start":{"line":80,"column":8},"end":{"line":80,"column":36}},"22":{"start":{"line":84,"column":23},"end":{"line":84,"column":25}},"23":{"start":{"line":85,"column":6},"end":{"line":87,"column":7}},"24":{"start":{"line":86,"column":8},"end":{"line":86,"column":76}},"25":{"start":{"line":90,"column":20},"end":{"line":90,"column":49}},"26":{"start":{"line":93,"column":26},"end":{"line":98,"column":7}},"27":{"start":{"line":101,"column":25},"end":{"line":104,"column":7}},"28":{"start":{"line":106,"column":6},"end":{"line":108,"column":7}},"29":{"start":{"line":107,"column":8},"end":{"line":107,"column":56}},"30":{"start":{"line":111,"column":34},"end":{"line":111,"column":49}},"31":{"start":{"line":112,"column":6},"end":{"line":114,"column":7}},"32":{"start":{"line":113,"column":8},"end":{"line":113,"column":103}},"33":{"start":{"line":116,"column":6},"end":{"line":122,"column":9}},"34":{"start":{"line":125,"column":21},"end":{"line":136,"column":7}},"35":{"start":{"line":131,"column":10},"end":{"line":134,"column":23}},"36":{"start":{"line":133,"column":24},"end":{"line":133,"column":87}},"37":{"start":{"line":139,"column":6},"end":{"line":141,"column":7}},"38":{"start":{"line":140,"column":8},"end":{"line":140,"column":33}},"39":{"start":{"line":143,"column":6},"end":{"line":143,"column":102}},"40":{"start":{"line":145,"column":23},"end":{"line":145,"column":42}},"41":{"start":{"line":147,"column":6},"end":{"line":147,"column":27}},"42":{"start":{"line":150,"column":28},"end":{"line":150,"column":54}},"43":{"start":{"line":151,"column":25},"end":{"line":151,"column":47}},"44":{"start":{"line":153,"column":6},"end":{"line":153,"column":69}},"45":{"start":{"line":154,"column":6},"end":{"line":154,"column":65}},"46":{"start":{"line":156,"column":6},"end":{"line":165,"column":7}},"47":{"start":{"line":158,"column":8},"end":{"line":164,"column":11}},"48":{"start":{"line":168,"column":6},"end":{"line":168,"column":62}},"49":{"start":{"line":174,"column":4},"end":{"line":174,"column":50}},"50":{"start":{"line":178,"column":4},"end":{"line":178,"column":57}},"51":{"start":{"line":182,"column":4},"end":{"line":182,"column":56}},"52":{"start":{"line":186,"column":4},"end":{"line":186,"column":53}},"53":{"start":{"line":190,"column":0},"end":{"line":190,"column":31}}},"fnMap":{"0":{"name":"(anonymous_0)","decl":{"start":{"line":20,"column":2},"end":{"line":20,"column":3}},"loc":{"start":{"line":20,"column":28},"end":{"line":48,"column":3}},"line":20},"1":{"name":"(anonymous_1)","decl":{"start":{"line":59,"column":2},"end":{"line":59,"column":3}},"loc":{"start":{"line":59,"column":75},"end":{"line":170,"column":3}},"line":59},"2":{"name":"(anonymous_2)","decl":{"start":{"line":130,"column":26},"end":{"line":130,"column":27}},"loc":{"start":{"line":130,"column":36},"end":{"line":135,"column":9}},"line":130},"3":{"name":"(anonymous_3)","decl":{"start":{"line":133,"column":17},"end":{"line":133,"column":18}},"loc":{"start":{"line":133,"column":24},"end":{"line":133,"column":87}},"line":133},"4":{"name":"(anonymous_4)","decl":{"start":{"line":173,"column":2},"end":{"line":173,"column":3}},"loc":{"start":{"line":173,"column":36},"end":{"line":175,"column":3}},"line":173},"5":{"name":"(anonymous_5)","decl":{"start":{"line":177,"column":2},"end":{"line":177,"column":3}},"loc":{"start":{"line":177,"column":43},"end":{"line":179,"column":3}},"line":177},"6":{"name":"(anonymous_6)","decl":{"start":{"line":181,"column":2},"end":{"line":181,"column":3}},"loc":{"start":{"line":181,"column":42},"end":{"line":183,"column":3}},"line":181},"7":{"name":"(anonymous_7)","decl":{"start":{"line":185,"column":2},"end":{"line":185,"column":3}},"loc":{"start":{"line":185,"column":39},"end":{"line":187,"column":3}},"line":185}},"branchMap":{"0":{"loc":{"start":{"line":20,"column":14},"end":{"line":20,"column":26}},"type":"default-arg","locations":[{"start":{"line":20,"column":24},"end":{"line":20,"column":26}}],"line":20},"1":{"loc":{"start":{"line":21,"column":19},"end":{"line":21,"column":101}},"type":"binary-expr","locations":[{"start":{"line":21,"column":19},"end":{"line":21,"column":34}},{"start":{"line":21,"column":38},"end":{"line":21,"column":65}},{"start":{"line":21,"column":69},"end":{"line":21,"column":101}}],"line":21},"2":{"loc":{"start":{"line":22,"column":17},"end":{"line":22,"column":39}},"type":"binary-expr","locations":[{"start":{"line":22,"column":17},"end":{"line":22,"column":30}},{"start":{"line":22,"column":34},"end":{"line":22,"column":39}}],"line":22},"3":{"loc":{"start":{"line":23,"column":18},"end":{"line":23,"column":85}},"type":"binary-expr","locations":[{"start":{"line":23,"column":18},"end":{"line":23,"column":32}},{"start":{"line":23,"column":36},"end":{"line":23,"column":85}}],"line":23},"4":{"loc":{"start":{"line":26,"column":4},"end":{"line":45,"column":5}},"type":"if","locations":[{"start":{"line":26,"column":4},"end":{"line":45,"column":5}},{"start":{"line":29,"column":11},"end":{"line":45,"column":5}}],"line":26},"5":{"loc":{"start":{"line":34,"column":20},"end":{"line":34,"column":84}},"type":"binary-expr","locations":[{"start":{"line":34,"column":20},"end":{"line":34,"column":36}},{"start":{"line":34,"column":40},"end":{"line":34,"column":71}},{"start":{"line":34,"column":75},"end":{"line":34,"column":84}}],"line":34},"6":{"loc":{"start":{"line":35,"column":21},"end":{"line":35,"column":72}},"type":"binary-expr","locations":[{"start":{"line":35,"column":21},"end":{"line":35,"column":38}},{"start":{"line":35,"column":42},"end":{"line":35,"column":72}}],"line":35},"7":{"loc":{"start":{"line":36,"column":21},"end":{"line":36,"column":72}},"type":"binary-expr","locations":[{"start":{"line":36,"column":21},"end":{"line":36,"column":38}},{"start":{"line":36,"column":42},"end":{"line":36,"column":72}}],"line":36},"8":{"loc":{"start":{"line":37,"column":22},"end":{"line":37,"column":75}},"type":"binary-expr","locations":[{"start":{"line":37,"column":22},"end":{"line":37,"column":40}},{"start":{"line":37,"column":44},"end":{"line":37,"column":75}}],"line":37},"9":{"loc":{"start":{"line":47,"column":55},"end":{"line":47,"column":119}},"type":"binary-expr","locations":[{"start":{"line":47,"column":55},"end":{"line":47,"column":71}},{"start":{"line":47,"column":75},"end":{"line":47,"column":106}},{"start":{"line":47,"column":110},"end":{"line":47,"column":119}}],"line":47},"10":{"loc":{"start":{"line":59,"column":30},"end":{"line":59,"column":46}},"type":"default-arg","locations":[{"start":{"line":59,"column":44},"end":{"line":59,"column":46}}],"line":59},"11":{"loc":{"start":{"line":59,"column":48},"end":{"line":59,"column":59}},"type":"default-arg","locations":[{"start":{"line":59,"column":55},"end":{"line":59,"column":59}}],"line":59},"12":{"loc":{"start":{"line":59,"column":61},"end":{"line":59,"column":73}},"type":"default-arg","locations":[{"start":{"line":59,"column":71},"end":{"line":59,"column":73}}],"line":59},"13":{"loc":{"start":{"line":62,"column":6},"end":{"line":64,"column":7}},"type":"if","locations":[{"start":{"line":62,"column":6},"end":{"line":64,"column":7}},{"start":{},"end":{}}],"line":62},"14":{"loc":{"start":{"line":71,"column":18},"end":{"line":71,"column":56}},"type":"cond-expr","locations":[{"start":{"line":71,"column":25},"end":{"line":71,"column":52}},{"start":{"line":71,"column":55},"end":{"line":71,"column":56}}],"line":71},"15":{"loc":{"start":{"line":79,"column":6},"end":{"line":81,"column":7}},"type":"if","locations":[{"start":{"line":79,"column":6},"end":{"line":81,"column":7}},{"start":{},"end":{}}],"line":79},"16":{"loc":{"start":{"line":85,"column":6},"end":{"line":87,"column":7}},"type":"if","locations":[{"start":{"line":85,"column":6},"end":{"line":87,"column":7}},{"start":{},"end":{}}],"line":85},"17":{"loc":{"start":{"line":85,"column":10},"end":{"line":85,"column":45}},"type":"binary-expr","locations":[{"start":{"line":85,"column":10},"end":{"line":85,"column":23}},{"start":{"line":85,"column":27},"end":{"line":85,"column":45}}],"line":85},"18":{"loc":{"start":{"line":86,"column":21},"end":{"line":86,"column":75}},"type":"cond-expr","locations":[{"start":{"line":86,"column":48},"end":{"line":86,"column":52}},{"start":{"line":86,"column":55},"end":{"line":86,"column":75}}],"line":86},"19":{"loc":{"start":{"line":106,"column":6},"end":{"line":108,"column":7}},"type":"if","locations":[{"start":{"line":106,"column":6},"end":{"line":108,"column":7}},{"start":{},"end":{}}],"line":106},"20":{"loc":{"start":{"line":112,"column":6},"end":{"line":114,"column":7}},"type":"if","locations":[{"start":{"line":112,"column":6},"end":{"line":114,"column":7}},{"start":{},"end":{}}],"line":112},"21":{"loc":{"start":{"line":121,"column":21},"end":{"line":121,"column":118}},"type":"cond-expr","locations":[{"start":{"line":121,"column":35},"end":{"line":121,"column":110}},{"start":{"line":121,"column":114},"end":{"line":121,"column":118}}],"line":121},"22":{"loc":{"start":{"line":121,"column":35},"end":{"line":121,"column":110}},"type":"cond-expr","locations":[{"start":{"line":121,"column":61},"end":{"line":121,"column":97}},{"start":{"line":121,"column":100},"end":{"line":121,"column":110}}],"line":121},"23":{"loc":{"start":{"line":139,"column":6},"end":{"line":141,"column":7}},"type":"if","locations":[{"start":{"line":139,"column":6},"end":{"line":141,"column":7}},{"start":{},"end":{}}],"line":139},"24":{"loc":{"start":{"line":150,"column":28},"end":{"line":150,"column":54}},"type":"binary-expr","locations":[{"start":{"line":150,"column":28},"end":{"line":150,"column":48}},{"start":{"line":150,"column":52},"end":{"line":150,"column":54}}],"line":150},"25":{"loc":{"start":{"line":156,"column":6},"end":{"line":165,"column":7}},"type":"if","locations":[{"start":{"line":156,"column":6},"end":{"line":165,"column":7}},{"start":{},"end":{}}],"line":156},"26":{"loc":{"start":{"line":156,"column":10},"end":{"line":156,"column":37}},"type":"binary-expr","locations":[{"start":{"line":156,"column":10},"end":{"line":156,"column":20}},{"start":{"line":156,"column":24},"end":{"line":156,"column":37}}],"line":156},"27":{"loc":{"start":{"line":173,"column":18},"end":{"line":173,"column":34}},"type":"default-arg","locations":[{"start":{"line":173,"column":32},"end":{"line":173,"column":34}}],"line":173},"28":{"loc":{"start":{"line":177,"column":25},"end":{"line":177,"column":41}},"type":"default-arg","locations":[{"start":{"line":177,"column":39},"end":{"line":177,"column":41}}],"line":177},"29":{"loc":{"start":{"line":181,"column":24},"end":{"line":181,"column":40}},"type":"default-arg","locations":[{"start":{"line":181,"column":38},"end":{"line":181,"column":40}}],"line":181},"30":{"loc":{"start":{"line":185,"column":21},"end":{"line":185,"column":37}},"type":"default-arg","locations":[{"start":{"line":185,"column":35},"end":{"line":185,"column":37}}],"line":185}},"s":{"0":3,"1":3,"2":3,"3":3,"4":3,"5":3,"6":3,"7":1,"8":2,"9":2,"10":2,"11":0,"12":0,"13":3,"14":4,"15":4,"16":0,"17":4,"18":4,"19":4,"20":4,"21":0,"22":4,"23":4,"24":1,"25":4,"26":4,"27":4,"28":4,"29":1,"30":4,"31":4,"32":4,"33":4,"34":4,"35":4,"36":3,"37":4,"38":1,"39":4,"40":4,"41":2,"42":2,"43":2,"44":2,"45":2,"46":2,"47":0,"48":2,"49":0,"50":1,"51":0,"52":0,"53":3},"f":{"0":3,"1":4,"2":4,"3":3,"4":0,"5":1,"6":0,"7":0},"b":{"0":[0],"1":[3,0,0],"2":[3,2],"3":[3,3],"4":[1,2],"5":[2,0,0],"6":[2,0],"7":[2,0],"8":[2,2],"9":[3,1,0],"10":[2],"11":[3],"12":[4],"13":[0,4],"14":[1,3],"15":[0,4],"16":[1,3],"17":[4,1],"18":[0,1],"19":[1,3],"20":[4,0],"21":[1,3],"22":[0,1],"23":[1,3],"24":[2,0],"25":[0,2],"26":[2,0],"27":[0],"28":[1],"29":[0],"30":[0]},"_coverageSchema":"1a1c01bbd47fc00a2c39e90264f33305004495a9","hash":"998a4beb2c499f8526323a9a3564367cd4b602cd"}
,"C:\\Dev\\GitHub-Projects\\onjs\\src\\auth\\auth-manager.js": {"path":"C:\\Dev\\GitHub-Projects\\onjs\\src\\auth\\auth-manager.js","statementMap":{"0":{"start":{"line":2,"column":15},"end":{"line":2,"column":32}},"1":{"start":{"line":3,"column":14},"end":{"line":3,"column":30}},"2":{"start":{"line":4,"column":28},"end":{"line":4,"column":54}},"3":{"start":{"line":5,"column":20},"end":{"line":5,"column":45}},"4":{"start":{"line":6,"column":20},"end":{"line":6,"column":45}},"5":{"start":{"line":7,"column":15},"end":{"line":7,"column":41}},"6":{"start":{"line":23,"column":4},"end":{"line":23,"column":99}},"7":{"start":{"line":24,"column":4},"end":{"line":24,"column":73}},"8":{"start":{"line":25,"column":4},"end":{"line":25,"column":73}},"9":{"start":{"line":26,"column":4},"end":{"line":26,"column":76}},"10":{"start":{"line":27,"column":4},"end":{"line":27,"column":46}},"11":{"start":{"line":30,"column":4},"end":{"line":32,"column":5}},"12":{"start":{"line":31,"column":6},"end":{"line":31,"column":86}},"13":{"start":{"line":34,"column":4},"end":{"line":36,"column":5}},"14":{"start":{"line":35,"column":6},"end":{"line":35,"column":69}},"15":{"start":{"line":38,"column":4},"end":{"line":38,"column":96}},"16":{"start":{"line":47,"column":19},"end":{"line":47,"column":36}},"17":{"start":{"line":48,"column":4},"end":{"line":48,"column":53}},"18":{"start":{"line":58,"column":4},"end":{"line":60,"column":5}},"19":{"start":{"line":59,"column":6},"end":{"line":59,"column":16}},"20":{"start":{"line":63,"column":4},"end":{"line":63,"column":107}},"21":{"start":{"line":66,"column":25},"end":{"line":66,"column":27}},"22":{"start":{"line":67,"column":4},"end":{"line":76,"column":7}},"23":{"start":{"line":69,"column":6},"end":{"line":75,"column":7}},"24":{"start":{"line":70,"column":8},"end":{"line":70,"column":31}},"25":{"start":{"line":71,"column":13},"end":{"line":75,"column":7}},"26":{"start":{"line":72,"column":8},"end":{"line":72,"column":51}},"27":{"start":{"line":74,"column":8},"end":{"line":74,"column":48}},"28":{"start":{"line":79,"column":4},"end":{"line":84,"column":17}},"29":{"start":{"line":82,"column":8},"end":{"line":82,"column":85}},"30":{"start":{"line":96,"column":4},"end":{"line":104,"column":5}},"31":{"start":{"line":98,"column":6},"end":{"line":100,"column":8}},"32":{"start":{"line":103,"column":6},"end":{"line":103,"column":69}},"33":{"start":{"line":113,"column":4},"end":{"line":116,"column":6}},"34":{"start":{"line":131,"column":21},"end":{"line":131,"column":61}},"35":{"start":{"line":134,"column":17},"end":{"line":134,"column":41}},"36":{"start":{"line":137,"column":18},"end":{"line":137,"column":39}},"37":{"start":{"line":140,"column":24},"end":{"line":140,"column":42}},"38":{"start":{"line":143,"column":24},"end":{"line":143,"column":59}},"39":{"start":{"line":147,"column":21},"end":{"line":147,"column":70}},"40":{"start":{"line":150,"column":21},"end":{"line":150,"column":23}},"41":{"start":{"line":151,"column":4},"end":{"line":153,"column":5}},"42":{"start":{"line":152,"column":6},"end":{"line":152,"column":74}},"43":{"start":{"line":157,"column":21},"end":{"line":169,"column":14}},"44":{"start":{"line":172,"column":22},"end":{"line":174,"column":23}},"45":{"start":{"line":177,"column":20},"end":{"line":183,"column":5}},"46":{"start":{"line":186,"column":4},"end":{"line":188,"column":5}},"47":{"start":{"line":187,"column":6},"end":{"line":187,"column":42}},"48":{"start":{"line":191,"column":27},"end":{"line":200,"column":5}},"49":{"start":{"line":202,"column":4},"end":{"line":202,"column":81}},"50":{"start":{"line":203,"column":4},"end":{"line":203,"column":51}},"51":{"start":{"line":204,"column":4},"end":{"line":204,"column":53}},"52":{"start":{"line":206,"column":4},"end":{"line":206,"column":19}},"53":{"start":{"line":210,"column":0},"end":{"line":210,"column":29}}},"fnMap":{"0":{"name":"(anonymous_0)","decl":{"start":{"line":21,"column":2},"end":{"line":21,"column":3}},"loc":{"start":{"line":21,"column":23},"end":{"line":39,"column":3}},"line":21},"1":{"name":"(anonymous_1)","decl":{"start":{"line":46,"column":2},"end":{"line":46,"column":3}},"loc":{"start":{"line":46,"column":19},"end":{"line":49,"column":3}},"line":46},"2":{"name":"(anonymous_2)","decl":{"start":{"line":57,"column":2},"end":{"line":57,"column":3}},"loc":{"start":{"line":57,"column":33},"end":{"line":85,"column":3}},"line":57},"3":{"name":"(anonymous_3)","decl":{"start":{"line":67,"column":32},"end":{"line":67,"column":33}},"loc":{"start":{"line":67,"column":39},"end":{"line":76,"column":5}},"line":67},"4":{"name":"(anonymous_4)","decl":{"start":{"line":81,"column":11},"end":{"line":81,"column":12}},"loc":{"start":{"line":81,"column":18},"end":{"line":83,"column":7}},"line":81},"5":{"name":"(anonymous_5)","decl":{"start":{"line":95,"column":2},"end":{"line":95,"column":3}},"loc":{"start":{"line":95,"column":62},"end":{"line":105,"column":3}},"line":95},"6":{"name":"(anonymous_6)","decl":{"start":{"line":112,"column":2},"end":{"line":112,"column":3}},"loc":{"start":{"line":112,"column":21},"end":{"line":117,"column":3}},"line":112},"7":{"name":"(anonymous_7)","decl":{"start":{"line":129,"column":2},"end":{"line":129,"column":3}},"loc":{"start":{"line":129,"column":63},"end":{"line":207,"column":3}},"line":129}},"branchMap":{"0":{"loc":{"start":{"line":23,"column":21},"end":{"line":23,"column":83}},"type":"binary-expr","locations":[{"start":{"line":23,"column":21},"end":{"line":23,"column":37}},{"start":{"line":23,"column":41},"end":{"line":23,"column":70}},{"start":{"line":23,"column":74},"end":{"line":23,"column":83}}],"line":23},"1":{"loc":{"start":{"line":24,"column":21},"end":{"line":24,"column":72}},"type":"binary-expr","locations":[{"start":{"line":24,"column":21},"end":{"line":24,"column":38}},{"start":{"line":24,"column":42},"end":{"line":24,"column":72}}],"line":24},"2":{"loc":{"start":{"line":25,"column":21},"end":{"line":25,"column":72}},"type":"binary-expr","locations":[{"start":{"line":25,"column":21},"end":{"line":25,"column":38}},{"start":{"line":25,"column":42},"end":{"line":25,"column":72}}],"line":25},"3":{"loc":{"start":{"line":26,"column":22},"end":{"line":26,"column":75}},"type":"binary-expr","locations":[{"start":{"line":26,"column":22},"end":{"line":26,"column":40}},{"start":{"line":26,"column":44},"end":{"line":26,"column":75}}],"line":26},"4":{"loc":{"start":{"line":30,"column":4},"end":{"line":32,"column":5}},"type":"if","locations":[{"start":{"line":30,"column":4},"end":{"line":32,"column":5}},{"start":{},"end":{}}],"line":30},"5":{"loc":{"start":{"line":30,"column":8},"end":{"line":30,"column":75}},"type":"binary-expr","locations":[{"start":{"line":30,"column":8},"end":{"line":30,"column":35}},{"start":{"line":30,"column":40},"end":{"line":30,"column":55}},{"start":{"line":30,"column":59},"end":{"line":30,"column":74}}],"line":30},"6":{"loc":{"start":{"line":34,"column":4},"end":{"line":36,"column":5}},"type":"if","locations":[{"start":{"line":34,"column":4},"end":{"line":36,"column":5}},{"start":{},"end":{}}],"line":34},"7":{"loc":{"start":{"line":34,"column":8},"end":{"line":34,"column":53}},"type":"binary-expr","locations":[{"start":{"line":34,"column":8},"end":{"line":34,"column":33}},{"start":{"line":34,"column":37},"end":{"line":34,"column":53}}],"line":34},"8":{"loc":{"start":{"line":57,"column":20},"end":{"line":57,"column":31}},"type":"default-arg","locations":[{"start":{"line":57,"column":29},"end":{"line":57,"column":31}}],"line":57},"9":{"loc":{"start":{"line":58,"column":4},"end":{"line":60,"column":5}},"type":"if","locations":[{"start":{"line":58,"column":4},"end":{"line":60,"column":5}},{"start":{},"end":{}}],"line":58},"10":{"loc":{"start":{"line":58,"column":8},"end":{"line":58,"column":51}},"type":"binary-expr","locations":[{"start":{"line":58,"column":8},"end":{"line":58,"column":15}},{"start":{"line":58,"column":19},"end":{"line":58,"column":51}}],"line":58},"11":{"loc":{"start":{"line":69,"column":6},"end":{"line":75,"column":7}},"type":"if","locations":[{"start":{"line":69,"column":6},"end":{"line":75,"column":7}},{"start":{"line":71,"column":13},"end":{"line":75,"column":7}}],"line":69},"12":{"loc":{"start":{"line":69,"column":10},"end":{"line":69,"column":59}},"type":"binary-expr","locations":[{"start":{"line":69,"column":10},"end":{"line":69,"column":30}},{"start":{"line":69,"column":34},"end":{"line":69,"column":59}}],"line":69},"13":{"loc":{"start":{"line":71,"column":13},"end":{"line":75,"column":7}},"type":"if","locations":[{"start":{"line":71,"column":13},"end":{"line":75,"column":7}},{"start":{"line":73,"column":13},"end":{"line":75,"column":7}}],"line":71},"14":{"loc":{"start":{"line":95,"column":31},"end":{"line":95,"column":47}},"type":"default-arg","locations":[{"start":{"line":95,"column":45},"end":{"line":95,"column":47}}],"line":95},"15":{"loc":{"start":{"line":95,"column":49},"end":{"line":95,"column":60}},"type":"default-arg","locations":[{"start":{"line":95,"column":56},"end":{"line":95,"column":60}}],"line":95},"16":{"loc":{"start":{"line":96,"column":4},"end":{"line":104,"column":5}},"type":"if","locations":[{"start":{"line":96,"column":4},"end":{"line":104,"column":5}},{"start":{"line":101,"column":11},"end":{"line":104,"column":5}}],"line":96},"17":{"loc":{"start":{"line":129,"column":34},"end":{"line":129,"column":50}},"type":"default-arg","locations":[{"start":{"line":129,"column":48},"end":{"line":129,"column":50}}],"line":129},"18":{"loc":{"start":{"line":129,"column":52},"end":{"line":129,"column":61}},"type":"default-arg","locations":[{"start":{"line":129,"column":59},"end":{"line":129,"column":61}}],"line":129},"19":{"loc":{"start":{"line":131,"column":21},"end":{"line":131,"column":61}},"type":"cond-expr","locations":[{"start":{"line":131,"column":44},"end":{"line":131,"column":48}},{"start":{"line":131,"column":51},"end":{"line":131,"column":61}}],"line":131},"20":{"loc":{"start":{"line":147,"column":33},"end":{"line":147,"column":69}},"type":"cond-expr","locations":[{"start":{"line":147,"column":47},"end":{"line":147,"column":64}},{"start":{"line":147,"column":67},"end":{"line":147,"column":69}}],"line":147},"21":{"loc":{"start":{"line":151,"column":4},"end":{"line":153,"column":5}},"type":"if","locations":[{"start":{"line":151,"column":4},"end":{"line":153,"column":5}},{"start":{},"end":{}}],"line":151},"22":{"loc":{"start":{"line":151,"column":8},"end":{"line":151,"column":31}},"type":"binary-expr","locations":[{"start":{"line":151,"column":8},"end":{"line":151,"column":12}},{"start":{"line":151,"column":16},"end":{"line":151,"column":31}}],"line":151},"23":{"loc":{"start":{"line":186,"column":4},"end":{"line":188,"column":5}},"type":"if","locations":[{"start":{"line":186,"column":4},"end":{"line":188,"column":5}},{"start":{},"end":{}}],"line":186}},"s":{"0":5,"1":5,"2":5,"3":5,"4":5,"5":5,"6":4,"7":4,"8":4,"9":4,"10":4,"11":4,"12":0,"13":4,"14":0,"15":4,"16":6,"17":6,"18":6,"19":4,"20":2,"21":2,"22":2,"23":4,"24":0,"25":4,"26":0,"27":4,"28":2,"29":4,"30":6,"31":0,"32":6,"33":0,"34":6,"35":6,"36":6,"37":6,"38":6,"39":6,"40":6,"41":6,"42":2,"43":6,"44":6,"45":6,"46":6,"47":2,"48":6,"49":6,"50":6,"51":6,"52":6,"53":5},"f":{"0":4,"1":6,"2":6,"3":4,"4":4,"5":6,"6":0,"7":6},"b":{"0":[4,0,0],"1":[4,0],"2":[4,0],"3":[4,3],"4":[0,4],"5":[4,4,4],"6":[0,4],"7":[4,0],"8":[0],"9":[4,2],"10":[6,6],"11":[0,4],"12":[4,4],"13":[0,4],"14":[0],"15":[1],"16":[0,6],"17":[0],"18":[0],"19":[6,0],"20":[2,4],"21":[2,4],"22":[6,2],"23":[2,4]},"_coverageSchema":"1a1c01bbd47fc00a2c39e90264f33305004495a9","hash":"5e3af06036f66ab49405648c2b536f10a5452af7"}
,"C:\\Dev\\GitHub-Projects\\onjs\\src\\auth\\onshape-auth.js": {"path":"C:\\Dev\\GitHub-Projects\\onjs\\src\\auth\\onshape-auth.js","statementMap":{"0":{"start":{"line":5,"column":14},"end":{"line":5,"column":30}},"1":{"start":{"line":6,"column":15},"end":{"line":6,"column":32}},"2":{"start":{"line":7,"column":15},"end":{"line":7,"column":41}},"3":{"start":{"line":18,"column":4},"end":{"line":18,"column":73}},"4":{"start":{"line":19,"column":4},"end":{"line":19,"column":73}},"5":{"start":{"line":20,"column":4},"end":{"line":20,"column":68}},"6":{"start":{"line":21,"column":4},"end":{"line":21,"column":46}},"7":{"start":{"line":24,"column":4},"end":{"line":26,"column":5}},"8":{"start":{"line":25,"column":6},"end":{"line":25,"column":70}},"9":{"start":{"line":29,"column":4},"end":{"line":31,"column":5}},"10":{"start":{"line":30,"column":6},"end":{"line":30,"column":47}},"11":{"start":{"line":34,"column":4},"end":{"line":40,"column":7}},"12":{"start":{"line":53,"column":17},"end":{"line":53,"column":41}},"13":{"start":{"line":56,"column":24},"end":{"line":59,"column":16}},"14":{"start":{"line":58,"column":18},"end":{"line":58,"column":86}},"15":{"start":{"line":62,"column":19},"end":{"line":62,"column":23}},"16":{"start":{"line":63,"column":4},"end":{"line":65,"column":5}},"17":{"start":{"line":64,"column":6},"end":{"line":64,"column":32}},"18":{"start":{"line":66,"column":4},"end":{"line":66,"column":69}},"19":{"start":{"line":69,"column":18},"end":{"line":69,"column":59}},"20":{"start":{"line":72,"column":26},"end":{"line":72,"column":66}},"21":{"start":{"line":76,"column":25},"end":{"line":83,"column":16}},"22":{"start":{"line":86,"column":22},"end":{"line":89,"column":23}},"23":{"start":{"line":91,"column":4},"end":{"line":96,"column":7}},"24":{"start":{"line":99,"column":4},"end":{"line":104,"column":6}},"25":{"start":{"line":115,"column":40},"end":{"line":115,"column":47}},"26":{"start":{"line":117,"column":4},"end":{"line":147,"column":5}},"27":{"start":{"line":119,"column":22},"end":{"line":119,"column":70}},"28":{"start":{"line":122,"column":23},"end":{"line":128,"column":8}},"29":{"start":{"line":130,"column":6},"end":{"line":130,"column":27}},"30":{"start":{"line":133,"column":21},"end":{"line":133,"column":43}},"31":{"start":{"line":134,"column":22},"end":{"line":134,"column":68}},"32":{"start":{"line":136,"column":6},"end":{"line":138,"column":7}},"33":{"start":{"line":137,"column":8},"end":{"line":137,"column":80}},"34":{"start":{"line":140,"column":6},"end":{"line":144,"column":9}},"35":{"start":{"line":146,"column":6},"end":{"line":146,"column":68}},"36":{"start":{"line":154,"column":4},"end":{"line":170,"column":5}},"37":{"start":{"line":156,"column":25},"end":{"line":156,"column":27}},"38":{"start":{"line":157,"column":6},"end":{"line":159,"column":9}},"39":{"start":{"line":158,"column":8},"end":{"line":158,"column":89}},"40":{"start":{"line":161,"column":6},"end":{"line":164,"column":9}},"41":{"start":{"line":166,"column":6},"end":{"line":166,"column":51}},"42":{"start":{"line":168,"column":6},"end":{"line":168,"column":65}},"43":{"start":{"line":169,"column":6},"end":{"line":169,"column":18}},"44":{"start":{"line":174,"column":4},"end":{"line":174,"column":55}},"45":{"start":{"line":178,"column":4},"end":{"line":178,"column":54}},"46":{"start":{"line":182,"column":4},"end":{"line":182,"column":51}},"47":{"start":{"line":191,"column":4},"end":{"line":194,"column":7}},"48":{"start":{"line":204,"column":4},"end":{"line":207,"column":7}},"49":{"start":{"line":217,"column":24},"end":{"line":221,"column":5}},"50":{"start":{"line":223,"column":4},"end":{"line":223,"column":69}},"51":{"start":{"line":224,"column":4},"end":{"line":224,"column":47}},"52":{"start":{"line":235,"column":17},"end":{"line":235,"column":41}},"53":{"start":{"line":236,"column":18},"end":{"line":236,"column":59}},"54":{"start":{"line":239,"column":23},"end":{"line":239,"column":77}},"55":{"start":{"line":240,"column":26},"end":{"line":240,"column":66}},"56":{"start":{"line":243,"column":25},"end":{"line":250,"column":16}},"57":{"start":{"line":252,"column":22},"end":{"line":255,"column":25}},"58":{"start":{"line":257,"column":4},"end":{"line":257,"column":53}},"59":{"start":{"line":261,"column":0},"end":{"line":261,"column":29}}},"fnMap":{"0":{"name":"(anonymous_0)","decl":{"start":{"line":17,"column":2},"end":{"line":17,"column":3}},"loc":{"start":{"line":17,"column":23},"end":{"line":41,"column":3}},"line":17},"1":{"name":"(anonymous_1)","decl":{"start":{"line":51,"column":2},"end":{"line":51,"column":3}},"loc":{"start":{"line":51,"column":62},"end":{"line":105,"column":3}},"line":51},"2":{"name":"(anonymous_2)","decl":{"start":{"line":58,"column":11},"end":{"line":58,"column":12}},"loc":{"start":{"line":58,"column":18},"end":{"line":58,"column":86}},"line":58},"3":{"name":"(anonymous_3)","decl":{"start":{"line":114,"column":2},"end":{"line":114,"column":3}},"loc":{"start":{"line":114,"column":44},"end":{"line":148,"column":3}},"line":114},"4":{"name":"(anonymous_4)","decl":{"start":{"line":153,"column":2},"end":{"line":153,"column":3}},"loc":{"start":{"line":153,"column":36},"end":{"line":171,"column":3}},"line":153},"5":{"name":"(anonymous_5)","decl":{"start":{"line":157,"column":45},"end":{"line":157,"column":46}},"loc":{"start":{"line":157,"column":52},"end":{"line":159,"column":7}},"line":157},"6":{"name":"(anonymous_6)","decl":{"start":{"line":173,"column":2},"end":{"line":173,"column":3}},"loc":{"start":{"line":173,"column":37},"end":{"line":175,"column":3}},"line":173},"7":{"name":"(anonymous_7)","decl":{"start":{"line":177,"column":2},"end":{"line":177,"column":3}},"loc":{"start":{"line":177,"column":36},"end":{"line":179,"column":3}},"line":177},"8":{"name":"(anonymous_8)","decl":{"start":{"line":181,"column":2},"end":{"line":181,"column":3}},"loc":{"start":{"line":181,"column":33},"end":{"line":183,"column":3}},"line":181},"9":{"name":"(anonymous_9)","decl":{"start":{"line":190,"column":2},"end":{"line":190,"column":3}},"loc":{"start":{"line":190,"column":35},"end":{"line":195,"column":3}},"line":190},"10":{"name":"(anonymous_10)","decl":{"start":{"line":202,"column":2},"end":{"line":202,"column":3}},"loc":{"start":{"line":202,"column":34},"end":{"line":208,"column":3}},"line":202},"11":{"name":"(anonymous_11)","decl":{"start":{"line":215,"column":2},"end":{"line":215,"column":3}},"loc":{"start":{"line":215,"column":35},"end":{"line":225,"column":3}},"line":215},"12":{"name":"(anonymous_12)","decl":{"start":{"line":234,"column":2},"end":{"line":234,"column":3}},"loc":{"start":{"line":234,"column":39},"end":{"line":258,"column":3}},"line":234}},"branchMap":{"0":{"loc":{"start":{"line":18,"column":21},"end":{"line":18,"column":72}},"type":"binary-expr","locations":[{"start":{"line":18,"column":21},"end":{"line":18,"column":38}},{"start":{"line":18,"column":42},"end":{"line":18,"column":72}}],"line":18},"1":{"loc":{"start":{"line":19,"column":21},"end":{"line":19,"column":72}},"type":"binary-expr","locations":[{"start":{"line":19,"column":21},"end":{"line":19,"column":38}},{"start":{"line":19,"column":42},"end":{"line":19,"column":72}}],"line":19},"2":{"loc":{"start":{"line":20,"column":19},"end":{"line":20,"column":67}},"type":"binary-expr","locations":[{"start":{"line":20,"column":19},"end":{"line":20,"column":34}},{"start":{"line":20,"column":38},"end":{"line":20,"column":67}}],"line":20},"3":{"loc":{"start":{"line":24,"column":4},"end":{"line":26,"column":5}},"type":"if","locations":[{"start":{"line":24,"column":4},"end":{"line":26,"column":5}},{"start":{},"end":{}}],"line":24},"4":{"loc":{"start":{"line":24,"column":8},"end":{"line":24,"column":42}},"type":"binary-expr","locations":[{"start":{"line":24,"column":8},"end":{"line":24,"column":23}},{"start":{"line":24,"column":27},"end":{"line":24,"column":42}}],"line":24},"5":{"loc":{"start":{"line":29,"column":4},"end":{"line":31,"column":5}},"type":"if","locations":[{"start":{"line":29,"column":4},"end":{"line":31,"column":5}},{"start":{},"end":{}}],"line":29},"6":{"loc":{"start":{"line":51,"column":33},"end":{"line":51,"column":49}},"type":"default-arg","locations":[{"start":{"line":51,"column":47},"end":{"line":51,"column":49}}],"line":51},"7":{"loc":{"start":{"line":51,"column":51},"end":{"line":51,"column":60}},"type":"default-arg","locations":[{"start":{"line":51,"column":58},"end":{"line":51,"column":60}}],"line":51},"8":{"loc":{"start":{"line":63,"column":4},"end":{"line":65,"column":5}},"type":"if","locations":[{"start":{"line":63,"column":4},"end":{"line":65,"column":5}},{"start":{},"end":{}}],"line":63},"9":{"loc":{"start":{"line":66,"column":15},"end":{"line":66,"column":68}},"type":"cond-expr","locations":[{"start":{"line":66,"column":29},"end":{"line":66,"column":57}},{"start":{"line":66,"column":60},"end":{"line":66,"column":68}}],"line":66},"10":{"loc":{"start":{"line":72,"column":44},"end":{"line":72,"column":54}},"type":"binary-expr","locations":[{"start":{"line":72,"column":44},"end":{"line":72,"column":48}},{"start":{"line":72,"column":52},"end":{"line":72,"column":54}}],"line":72},"11":{"loc":{"start":{"line":82,"column":6},"end":{"line":82,"column":16}},"type":"binary-expr","locations":[{"start":{"line":82,"column":6},"end":{"line":82,"column":10}},{"start":{"line":82,"column":14},"end":{"line":82,"column":16}}],"line":82},"12":{"loc":{"start":{"line":114,"column":30},"end":{"line":114,"column":42}},"type":"default-arg","locations":[{"start":{"line":114,"column":40},"end":{"line":114,"column":42}}],"line":114},"13":{"loc":{"start":{"line":115,"column":12},"end":{"line":115,"column":22}},"type":"default-arg","locations":[{"start":{"line":115,"column":20},"end":{"line":115,"column":22}}],"line":115},"14":{"loc":{"start":{"line":115,"column":24},"end":{"line":115,"column":35}},"type":"default-arg","locations":[{"start":{"line":115,"column":31},"end":{"line":115,"column":35}}],"line":115},"15":{"loc":{"start":{"line":134,"column":22},"end":{"line":134,"column":68}},"type":"binary-expr","locations":[{"start":{"line":134,"column":22},"end":{"line":134,"column":51}},{"start":{"line":134,"column":55},"end":{"line":134,"column":68}}],"line":134},"16":{"loc":{"start":{"line":136,"column":6},"end":{"line":138,"column":7}},"type":"if","locations":[{"start":{"line":136,"column":6},"end":{"line":138,"column":7}},{"start":{},"end":{}}],"line":136},"17":{"loc":{"start":{"line":153,"column":18},"end":{"line":153,"column":34}},"type":"default-arg","locations":[{"start":{"line":153,"column":32},"end":{"line":153,"column":34}}],"line":153},"18":{"loc":{"start":{"line":157,"column":18},"end":{"line":157,"column":35}},"type":"binary-expr","locations":[{"start":{"line":157,"column":18},"end":{"line":157,"column":29}},{"start":{"line":157,"column":33},"end":{"line":157,"column":35}}],"line":157},"19":{"loc":{"start":{"line":158,"column":26},"end":{"line":158,"column":88}},"type":"cond-expr","locations":[{"start":{"line":158,"column":59},"end":{"line":158,"column":61}},{"start":{"line":158,"column":64},"end":{"line":158,"column":88}}],"line":158},"20":{"loc":{"start":{"line":173,"column":25},"end":{"line":173,"column":35}},"type":"default-arg","locations":[{"start":{"line":173,"column":33},"end":{"line":173,"column":35}}],"line":173},"21":{"loc":{"start":{"line":177,"column":24},"end":{"line":177,"column":34}},"type":"default-arg","locations":[{"start":{"line":177,"column":32},"end":{"line":177,"column":34}}],"line":177},"22":{"loc":{"start":{"line":181,"column":21},"end":{"line":181,"column":31}},"type":"default-arg","locations":[{"start":{"line":181,"column":29},"end":{"line":181,"column":31}}],"line":181},"23":{"loc":{"start":{"line":234,"column":28},"end":{"line":234,"column":37}},"type":"default-arg","locations":[{"start":{"line":234,"column":35},"end":{"line":234,"column":37}}],"line":234},"24":{"loc":{"start":{"line":239,"column":23},"end":{"line":239,"column":77}},"type":"cond-expr","locations":[{"start":{"line":239,"column":50},"end":{"line":239,"column":54}},{"start":{"line":239,"column":57},"end":{"line":239,"column":77}}],"line":239}},"s":{"0":5,"1":5,"2":5,"3":2,"4":2,"5":2,"6":2,"7":2,"8":1,"9":1,"10":0,"11":1,"12":2,"13":2,"14":0,"15":2,"16":2,"17":0,"18":2,"19":2,"20":2,"21":2,"22":2,"23":2,"24":2,"25":2,"26":2,"27":2,"28":2,"29":1,"30":1,"31":1,"32":1,"33":0,"34":1,"35":1,"36":2,"37":2,"38":2,"39":3,"40":2,"41":2,"42":0,"43":0,"44":0,"45":0,"46":0,"47":0,"48":0,"49":1,"50":1,"51":1,"52":0,"53":0,"54":0,"55":0,"56":0,"57":0,"58":0,"59":5},"f":{"0":2,"1":2,"2":0,"3":2,"4":2,"5":3,"6":0,"7":0,"8":0,"9":0,"10":0,"11":1,"12":0},"b":{"0":[2,1],"1":[2,1],"2":[2,1],"3":[1,1],"4":[2,1],"5":[0,1],"6":[0],"7":[0],"8":[0,2],"9":[0,2],"10":[2,2],"11":[2,2],"12":[0],"13":[2],"14":[2],"15":[1,0],"16":[0,1],"17":[1],"18":[2,0],"19":[0,3],"20":[0],"21":[0],"22":[0],"23":[0],"24":[0,0]},"_coverageSchema":"1a1c01bbd47fc00a2c39e90264f33305004495a9","hash":"7421abc9aa8b22ed5d9bbe3c196eaec3466806e4"}
,"C:\\Dev\\GitHub-Projects\\onjs\\src\\utils\\logger.js": {"path":"C:\\Dev\\GitHub-Projects\\onjs\\src\\utils\\logger.js","statementMap":{"0":{"start":{"line":2,"column":11},"end":{"line":2,"column":24}},"1":{"start":{"line":3,"column":13},"end":{"line":3,"column":28}},"2":{"start":{"line":11,"column":4},"end":{"line":11,"column":21}},"3":{"start":{"line":12,"column":4},"end":{"line":12,"column":47}},"4":{"start":{"line":13,"column":4},"end":{"line":13,"column":48}},"5":{"start":{"line":14,"column":4},"end":{"line":14,"column":43}},"6":{"start":{"line":15,"column":4},"end":{"line":20,"column":6}},"7":{"start":{"line":23,"column":4},"end":{"line":25,"column":5}},"8":{"start":{"line":24,"column":6},"end":{"line":24,"column":53}},"9":{"start":{"line":29,"column":4},"end":{"line":29,"column":59}},"10":{"start":{"line":36,"column":4},"end":{"line":36,"column":66}},"11":{"start":{"line":43,"column":4},"end":{"line":53,"column":5}},"12":{"start":{"line":44,"column":6},"end":{"line":48,"column":7}},"13":{"start":{"line":45,"column":8},"end":{"line":45,"column":82}},"14":{"start":{"line":47,"column":8},"end":{"line":47,"column":38}},"15":{"start":{"line":50,"column":6},"end":{"line":52,"column":7}},"16":{"start":{"line":51,"column":8},"end":{"line":51,"column":58}},"17":{"start":{"line":60,"column":4},"end":{"line":70,"column":5}},"18":{"start":{"line":61,"column":6},"end":{"line":65,"column":7}},"19":{"start":{"line":62,"column":8},"end":{"line":62,"column":83}},"20":{"start":{"line":64,"column":8},"end":{"line":64,"column":40}},"21":{"start":{"line":67,"column":6},"end":{"line":69,"column":7}},"22":{"start":{"line":68,"column":8},"end":{"line":68,"column":60}},"23":{"start":{"line":77,"column":4},"end":{"line":92,"column":5}},"24":{"start":{"line":78,"column":6},"end":{"line":87,"column":7}},"25":{"start":{"line":79,"column":8},"end":{"line":84,"column":11}},"26":{"start":{"line":86,"column":8},"end":{"line":86,"column":38}},"27":{"start":{"line":89,"column":6},"end":{"line":91,"column":7}},"28":{"start":{"line":90,"column":8},"end":{"line":90,"column":108}},"29":{"start":{"line":99,"column":4},"end":{"line":109,"column":5}},"30":{"start":{"line":100,"column":6},"end":{"line":104,"column":7}},"31":{"start":{"line":101,"column":8},"end":{"line":101,"column":82}},"32":{"start":{"line":103,"column":8},"end":{"line":103,"column":39}},"33":{"start":{"line":106,"column":6},"end":{"line":108,"column":7}},"34":{"start":{"line":107,"column":8},"end":{"line":107,"column":58}},"35":{"start":{"line":117,"column":4},"end":{"line":129,"column":5}},"36":{"start":{"line":119,"column":6},"end":{"line":121,"column":7}},"37":{"start":{"line":120,"column":8},"end":{"line":120,"column":55}},"38":{"start":{"line":123,"column":6},"end":{"line":126,"column":8}},"39":{"start":{"line":128,"column":6},"end":{"line":128,"column":69}},"40":{"start":{"line":136,"column":25},"end":{"line":136,"column":27}},"41":{"start":{"line":139,"column":4},"end":{"line":147,"column":7}},"42":{"start":{"line":140,"column":6},"end":{"line":146,"column":8}},"43":{"start":{"line":141,"column":8},"end":{"line":145,"column":9}},"44":{"start":{"line":142,"column":10},"end":{"line":142,"column":77}},"45":{"start":{"line":144,"column":10},"end":{"line":144,"column":57}},"46":{"start":{"line":149,"column":4},"end":{"line":149,"column":24}},"47":{"start":{"line":157,"column":4},"end":{"line":157,"column":36}},"48":{"start":{"line":157,"column":29},"end":{"line":157,"column":36}},"49":{"start":{"line":159,"column":81},"end":{"line":159,"column":88}},"50":{"start":{"line":161,"column":4},"end":{"line":178,"column":5}},"51":{"start":{"line":162,"column":6},"end":{"line":177,"column":9}},"52":{"start":{"line":163,"column":8},"end":{"line":176,"column":9}},"53":{"start":{"line":165,"column":12},"end":{"line":165,"column":60}},"54":{"start":{"line":166,"column":12},"end":{"line":166,"column":18}},"55":{"start":{"line":168,"column":12},"end":{"line":168,"column":58}},"56":{"start":{"line":169,"column":12},"end":{"line":169,"column":18}},"57":{"start":{"line":171,"column":12},"end":{"line":171,"column":59}},"58":{"start":{"line":172,"column":12},"end":{"line":172,"column":18}},"59":{"start":{"line":174,"column":12},"end":{"line":174,"column":50}},"60":{"start":{"line":175,"column":12},"end":{"line":175,"column":18}},"61":{"start":{"line":180,"column":4},"end":{"line":186,"column":5}},"62":{"start":{"line":181,"column":25},"end":{"line":183,"column":18}},"63":{"start":{"line":182,"column":8},"end":{"line":182,"column":84}},"64":{"start":{"line":185,"column":6},"end":{"line":185,"column":46}},"65":{"start":{"line":189,"column":4},"end":{"line":189,"column":21}},"66":{"start":{"line":194,"column":0},"end":{"line":194,"column":30}}},"fnMap":{"0":{"name":"(anonymous_0)","decl":{"start":{"line":10,"column":2},"end":{"line":10,"column":3}},"loc":{"start":{"line":10,"column":28},"end":{"line":30,"column":3}},"line":10},"1":{"name":"(anonymous_1)","decl":{"start":{"line":35,"column":2},"end":{"line":35,"column":3}},"loc":{"start":{"line":35,"column":19},"end":{"line":37,"column":3}},"line":35},"2":{"name":"(anonymous_2)","decl":{"start":{"line":42,"column":2},"end":{"line":42,"column":3}},"loc":{"start":{"line":42,"column":25},"end":{"line":54,"column":3}},"line":42},"3":{"name":"(anonymous_3)","decl":{"start":{"line":59,"column":2},"end":{"line":59,"column":3}},"loc":{"start":{"line":59,"column":26},"end":{"line":71,"column":3}},"line":59},"4":{"name":"(anonymous_4)","decl":{"start":{"line":76,"column":2},"end":{"line":76,"column":3}},"loc":{"start":{"line":76,"column":24},"end":{"line":93,"column":3}},"line":76},"5":{"name":"(anonymous_5)","decl":{"start":{"line":98,"column":2},"end":{"line":98,"column":3}},"loc":{"start":{"line":98,"column":25},"end":{"line":110,"column":3}},"line":98},"6":{"name":"(anonymous_6)","decl":{"start":{"line":116,"column":2},"end":{"line":116,"column":3}},"loc":{"start":{"line":116,"column":34},"end":{"line":130,"column":3}},"line":116},"7":{"name":"(anonymous_7)","decl":{"start":{"line":135,"column":2},"end":{"line":135,"column":3}},"loc":{"start":{"line":135,"column":19},"end":{"line":150,"column":3}},"line":135},"8":{"name":"(anonymous_8)","decl":{"start":{"line":139,"column":47},"end":{"line":139,"column":48}},"loc":{"start":{"line":139,"column":57},"end":{"line":147,"column":5}},"line":139},"9":{"name":"(anonymous_9)","decl":{"start":{"line":140,"column":29},"end":{"line":140,"column":30}},"loc":{"start":{"line":140,"column":42},"end":{"line":146,"column":7}},"line":140},"10":{"name":"(anonymous_10)","decl":{"start":{"line":156,"column":2},"end":{"line":156,"column":3}},"loc":{"start":{"line":156,"column":22},"end":{"line":190,"column":3}},"line":156},"11":{"name":"(anonymous_11)","decl":{"start":{"line":162,"column":26},"end":{"line":162,"column":27}},"loc":{"start":{"line":162,"column":33},"end":{"line":177,"column":7}},"line":162},"12":{"name":"(anonymous_12)","decl":{"start":{"line":181,"column":41},"end":{"line":181,"column":42}},"loc":{"start":{"line":182,"column":8},"end":{"line":182,"column":84}},"line":182}},"branchMap":{"0":{"loc":{"start":{"line":10,"column":14},"end":{"line":10,"column":26}},"type":"default-arg","locations":[{"start":{"line":10,"column":24},"end":{"line":10,"column":26}}],"line":10},"1":{"loc":{"start":{"line":12,"column":20},"end":{"line":12,"column":46}},"type":"binary-expr","locations":[{"start":{"line":12,"column":20},"end":{"line":12,"column":36}},{"start":{"line":12,"column":40},"end":{"line":12,"column":46}}],"line":12},"2":{"loc":{"start":{"line":13,"column":21},"end":{"line":13,"column":47}},"type":"binary-expr","locations":[{"start":{"line":13,"column":21},"end":{"line":13,"column":38}},{"start":{"line":13,"column":42},"end":{"line":13,"column":47}}],"line":13},"3":{"loc":{"start":{"line":14,"column":18},"end":{"line":14,"column":42}},"type":"binary-expr","locations":[{"start":{"line":14,"column":18},"end":{"line":14,"column":32}},{"start":{"line":14,"column":36},"end":{"line":14,"column":42}}],"line":14},"4":{"loc":{"start":{"line":23,"column":4},"end":{"line":25,"column":5}},"type":"if","locations":[{"start":{"line":23,"column":4},"end":{"line":25,"column":5}},{"start":{},"end":{}}],"line":23},"5":{"loc":{"start":{"line":23,"column":8},"end":{"line":23,"column":53}},"type":"binary-expr","locations":[{"start":{"line":23,"column":8},"end":{"line":23,"column":22}},{"start":{"line":23,"column":26},"end":{"line":23,"column":53}}],"line":23},"6":{"loc":{"start":{"line":43,"column":4},"end":{"line":53,"column":5}},"type":"if","locations":[{"start":{"line":43,"column":4},"end":{"line":53,"column":5}},{"start":{},"end":{}}],"line":43},"7":{"loc":{"start":{"line":44,"column":6},"end":{"line":48,"column":7}},"type":"if","locations":[{"start":{"line":44,"column":6},"end":{"line":48,"column":7}},{"start":{"line":46,"column":13},"end":{"line":48,"column":7}}],"line":44},"8":{"loc":{"start":{"line":50,"column":6},"end":{"line":52,"column":7}},"type":"if","locations":[{"start":{"line":50,"column":6},"end":{"line":52,"column":7}},{"start":{},"end":{}}],"line":50},"9":{"loc":{"start":{"line":60,"column":4},"end":{"line":70,"column":5}},"type":"if","locations":[{"start":{"line":60,"column":4},"end":{"line":70,"column":5}},{"start":{},"end":{}}],"line":60},"10":{"loc":{"start":{"line":61,"column":6},"end":{"line":65,"column":7}},"type":"if","locations":[{"start":{"line":61,"column":6},"end":{"line":65,"column":7}},{"start":{"line":63,"column":13},"end":{"line":65,"column":7}}],"line":61},"11":{"loc":{"start":{"line":67,"column":6},"end":{"line":69,"column":7}},"type":"if","locations":[{"start":{"line":67,"column":6},"end":{"line":69,"column":7}},{"start":{},"end":{}}],"line":67},"12":{"loc":{"start":{"line":77,"column":4},"end":{"line":92,"column":5}},"type":"if","locations":[{"start":{"line":77,"column":4},"end":{"line":92,"column":5}},{"start":{},"end":{}}],"line":77},"13":{"loc":{"start":{"line":78,"column":6},"end":{"line":87,"column":7}},"type":"if","locations":[{"start":{"line":78,"column":6},"end":{"line":87,"column":7}},{"start":{"line":85,"column":13},"end":{"line":87,"column":7}}],"line":78},"14":{"loc":{"start":{"line":82,"column":17},"end":{"line":82,"column":70}},"type":"cond-expr","locations":[{"start":{"line":82,"column":26},"end":{"line":82,"column":57}},{"start":{"line":82,"column":61},"end":{"line":82,"column":70}}],"line":82},"15":{"loc":{"start":{"line":82,"column":26},"end":{"line":82,"column":57}},"type":"binary-expr","locations":[{"start":{"line":82,"column":26},"end":{"line":82,"column":37}},{"start":{"line":82,"column":41},"end":{"line":82,"column":57}}],"line":82},"16":{"loc":{"start":{"line":89,"column":6},"end":{"line":91,"column":7}},"type":"if","locations":[{"start":{"line":89,"column":6},"end":{"line":91,"column":7}},{"start":{},"end":{}}],"line":89},"17":{"loc":{"start":{"line":90,"column":60},"end":{"line":90,"column":104}},"type":"cond-expr","locations":[{"start":{"line":90,"column":68},"end":{"line":90,"column":99}},{"start":{"line":90,"column":102},"end":{"line":90,"column":104}}],"line":90},"18":{"loc":{"start":{"line":90,"column":68},"end":{"line":90,"column":99}},"type":"binary-expr","locations":[{"start":{"line":90,"column":68},"end":{"line":90,"column":79}},{"start":{"line":90,"column":83},"end":{"line":90,"column":99}}],"line":90},"19":{"loc":{"start":{"line":99,"column":4},"end":{"line":109,"column":5}},"type":"if","locations":[{"start":{"line":99,"column":4},"end":{"line":109,"column":5}},{"start":{},"end":{}}],"line":99},"20":{"loc":{"start":{"line":100,"column":6},"end":{"line":104,"column":7}},"type":"if","locations":[{"start":{"line":100,"column":6},"end":{"line":104,"column":7}},{"start":{"line":102,"column":13},"end":{"line":104,"column":7}}],"line":100},"21":{"loc":{"start":{"line":106,"column":6},"end":{"line":108,"column":7}},"type":"if","locations":[{"start":{"line":106,"column":6},"end":{"line":108,"column":7}},{"start":{},"end":{}}],"line":106},"22":{"loc":{"start":{"line":119,"column":6},"end":{"line":121,"column":7}},"type":"if","locations":[{"start":{"line":119,"column":6},"end":{"line":121,"column":7}},{"start":{},"end":{}}],"line":119},"23":{"loc":{"start":{"line":141,"column":8},"end":{"line":145,"column":9}},"type":"if","locations":[{"start":{"line":141,"column":8},"end":{"line":145,"column":9}},{"start":{"line":143,"column":15},"end":{"line":145,"column":9}}],"line":141},"24":{"loc":{"start":{"line":141,"column":12},"end":{"line":141,"column":50}},"type":"binary-expr","locations":[{"start":{"line":141,"column":12},"end":{"line":141,"column":19}},{"start":{"line":141,"column":23},"end":{"line":141,"column":50}}],"line":141},"25":{"loc":{"start":{"line":156,"column":8},"end":{"line":156,"column":20}},"type":"default-arg","locations":[{"start":{"line":156,"column":18},"end":{"line":156,"column":20}}],"line":156},"26":{"loc":{"start":{"line":157,"column":4},"end":{"line":157,"column":36}},"type":"if","locations":[{"start":{"line":157,"column":4},"end":{"line":157,"column":36}},{"start":{},"end":{}}],"line":157},"27":{"loc":{"start":{"line":159,"column":12},"end":{"line":159,"column":28}},"type":"default-arg","locations":[{"start":{"line":159,"column":24},"end":{"line":159,"column":28}}],"line":159},"28":{"loc":{"start":{"line":159,"column":30},"end":{"line":159,"column":44}},"type":"default-arg","locations":[{"start":{"line":159,"column":39},"end":{"line":159,"column":44}}],"line":159},"29":{"loc":{"start":{"line":159,"column":46},"end":{"line":159,"column":76}},"type":"default-arg","locations":[{"start":{"line":159,"column":57},"end":{"line":159,"column":76}}],"line":159},"30":{"loc":{"start":{"line":161,"column":4},"end":{"line":178,"column":5}},"type":"if","locations":[{"start":{"line":161,"column":4},"end":{"line":178,"column":5}},{"start":{},"end":{}}],"line":161},"31":{"loc":{"start":{"line":163,"column":8},"end":{"line":176,"column":9}},"type":"switch","locations":[{"start":{"line":164,"column":10},"end":{"line":166,"column":18}},{"start":{"line":167,"column":10},"end":{"line":169,"column":18}},{"start":{"line":170,"column":10},"end":{"line":172,"column":18}},{"start":{"line":173,"column":10},"end":{"line":175,"column":18}}],"line":163},"32":{"loc":{"start":{"line":165,"column":43},"end":{"line":165,"column":57}},"type":"binary-expr","locations":[{"start":{"line":165,"column":43},"end":{"line":165,"column":51}},{"start":{"line":165,"column":55},"end":{"line":165,"column":57}}],"line":165},"33":{"loc":{"start":{"line":168,"column":41},"end":{"line":168,"column":55}},"type":"binary-expr","locations":[{"start":{"line":168,"column":41},"end":{"line":168,"column":49}},{"start":{"line":168,"column":53},"end":{"line":168,"column":55}}],"line":168},"34":{"loc":{"start":{"line":171,"column":42},"end":{"line":171,"column":56}},"type":"binary-expr","locations":[{"start":{"line":171,"column":42},"end":{"line":171,"column":50}},{"start":{"line":171,"column":54},"end":{"line":171,"column":56}}],"line":171},"35":{"loc":{"start":{"line":180,"column":4},"end":{"line":186,"column":5}},"type":"if","locations":[{"start":{"line":180,"column":4},"end":{"line":186,"column":5}},{"start":{},"end":{}}],"line":180}},"s":{"0":5,"1":5,"2":5,"3":5,"4":5,"5":5,"6":5,"7":5,"8":0,"9":5,"10":48,"11":8,"12":8,"13":8,"14":0,"15":8,"16":0,"17":37,"18":18,"19":18,"20":0,"21":18,"22":0,"23":3,"24":3,"25":3,"26":0,"27":3,"28":0,"29":0,"30":0,"31":0,"32":0,"33":0,"34":0,"35":0,"36":0,"37":0,"38":0,"39":0,"40":10,"41":10,"42":40,"43":47,"44":47,"45":0,"46":10,"47":0,"48":0,"49":0,"50":0,"51":0,"52":0,"53":0,"54":0,"55":0,"56":0,"57":0,"58":0,"59":0,"60":0,"61":0,"62":0,"63":0,"64":0,"65":0,"66":5},"f":{"0":5,"1":48,"2":8,"3":37,"4":3,"5":0,"6":0,"7":10,"8":40,"9":47,"10":0,"11":0,"12":0},"b":{"0":[5],"1":[5,5],"2":[5,5],"3":[5,5],"4":[0,5],"5":[5,0],"6":[8,0],"7":[8,0],"8":[0,8],"9":[18,19],"10":[18,0],"11":[0,18],"12":[3,0],"13":[3,0],"14":[3,0],"15":[3,3],"16":[0,3],"17":[0,0],"18":[0,0],"19":[0,0],"20":[0,0],"21":[0,0],"22":[0,0],"23":[47,0],"24":[47,47],"25":[0],"26":[0,0],"27":[0],"28":[0],"29":[0],"30":[0,0],"31":[0,0,0,0],"32":[0,0],"33":[0,0],"34":[0,0],"35":[0,0]},"_coverageSchema":"1a1c01bbd47fc00a2c39e90264f33305004495a9","hash":"282452e0015a0a3e50a27baff673d1c51f2a9217"}
}
