TN:
SF:src\client.js
FN:32,(anonymous_0)
FN:76,(anonymous_1)
FN:92,(anonymous_2)
FN:123,(anonymous_3)
FN:146,(anonymous_4)
FN:157,(anonymous_5)
FN:167,(anonymous_6)
FN:178,(anonymous_7)
FN:183,(anonymous_8)
FN:193,(anonymous_9)
FN:202,(anonymous_10)
FN:215,(anonymous_11)
FNF:12
FNH:0
FNDA:0,(anonymous_0)
FNDA:0,(anonymous_1)
FNDA:0,(anonymous_2)
FNDA:0,(anonymous_3)
FNDA:0,(anonymous_4)
FNDA:0,(anonymous_5)
FNDA:0,(anonymous_6)
FNDA:0,(anonymous_7)
FNDA:0,(anonymous_8)
FNDA:0,(anonymous_9)
FNDA:0,(anonymous_10)
FNDA:0,(anonymous_11)
DA:6,1
DA:7,1
DA:8,0
DA:9,0
DA:12,0
DA:15,0
DA:34,0
DA:37,0
DA:38,0
DA:39,0
DA:41,0
DA:42,0
DA:44,0
DA:45,0
DA:47,0
DA:48,0
DA:51,0
DA:55,0
DA:64,0
DA:67,0
DA:69,0
DA:77,0
DA:78,0
DA:80,0
DA:93,0
DA:97,0
DA:98,0
DA:101,0
DA:102,0
DA:105,0
DA:106,0
DA:109,0
DA:112,0
DA:114,0
DA:124,0
DA:125,0
DA:128,0
DA:129,0
DA:130,0
DA:133,0
DA:135,0
DA:147,0
DA:152,0
DA:153,0
DA:154,0
DA:157,0
DA:159,0
DA:169,0
DA:180,0
DA:183,0
DA:185,0
DA:186,0
DA:190,0
DA:194,0
DA:199,0
DA:203,0
DA:204,0
DA:207,0
DA:216,0
DA:217,0
DA:218,0
DA:228,0
LF:62
LH:2
BRDA:32,0,0,0
BRDA:34,1,0,0
BRDA:34,1,1,0
BRDA:34,1,2,0
BRDA:37,2,0,0
BRDA:37,2,1,0
BRDA:38,3,0,0
BRDA:38,3,1,0
BRDA:39,4,0,0
BRDA:39,4,1,0
BRDA:41,5,0,0
BRDA:41,5,1,0
BRDA:41,6,0,0
BRDA:41,6,1,0
BRDA:44,7,0,0
BRDA:44,7,1,0
BRDA:45,8,0,0
BRDA:45,8,1,0
BRDA:47,9,0,0
BRDA:47,9,1,0
BRDA:57,10,0,0
BRDA:57,10,1,0
BRDA:58,11,0,0
BRDA:58,11,1,0
BRDA:59,12,0,0
BRDA:59,12,1,0
BRDA:60,13,0,0
BRDA:60,13,1,0
BRDA:67,14,0,0
BRDA:67,14,1,0
BRDA:93,15,0,0
BRDA:93,15,1,0
BRDA:97,16,0,0
BRDA:97,16,1,0
BRDA:105,17,0,0
BRDA:105,17,1,0
BRDA:105,18,0,0
BRDA:105,18,1,0
BRDA:124,19,0,0
BRDA:124,19,1,0
BRDA:146,20,0,0
BRDA:148,21,0,0
BRDA:148,21,1,0
BRDA:149,22,0,0
BRDA:149,22,1,0
BRDA:154,23,0,0
BRDA:154,23,1,0
BRDA:157,24,0,0
BRDA:157,24,1,0
BRDA:173,25,0,0
BRDA:173,25,1,0
BRDA:174,26,0,0
BRDA:174,26,1,0
BRDA:185,27,0,0
BRDA:185,27,1,0
BRDA:199,28,0,0
BRDA:199,28,1,0
BRDA:203,29,0,0
BRDA:203,29,1,0
BRF:59
BRH:0
end_of_record
TN:
SF:src\api\rest-api.js
FN:17,(anonymous_0)
FN:53,(anonymous_1)
FN:114,(anonymous_2)
FN:118,(anonymous_3)
FN:122,(anonymous_4)
FN:126,(anonymous_5)
FNF:6
FNH:0
FNDA:0,(anonymous_0)
FNDA:0,(anonymous_1)
FNDA:0,(anonymous_2)
FNDA:0,(anonymous_3)
FNDA:0,(anonymous_4)
FNDA:0,(anonymous_5)
DA:2,1
DA:3,1
DA:4,1
DA:19,0
DA:20,0
DA:22,0
DA:30,0
DA:33,0
DA:34,0
DA:38,0
DA:41,0
DA:42,0
DA:55,0
DA:56,0
DA:57,0
DA:61,0
DA:62,0
DA:63,0
DA:67,0
DA:69,0
DA:70,0
DA:71,0
DA:77,0
DA:80,0
DA:88,0
DA:91,0
DA:92,0
DA:94,0
DA:95,0
DA:97,0
DA:99,0
DA:109,0
DA:115,0
DA:119,0
DA:123,0
DA:127,0
DA:131,1
LF:37
LH:4
BRDA:19,0,0,0
BRDA:19,0,1,0
BRDA:23,1,0,0
BRDA:23,1,1,0
BRDA:23,1,2,0
BRDA:24,2,0,0
BRDA:24,2,1,0
BRDA:25,3,0,0
BRDA:25,3,1,0
BRDA:26,4,0,0
BRDA:26,4,1,0
BRDA:30,5,0,0
BRDA:30,5,1,0
BRDA:33,6,0,0
BRDA:33,6,1,0
BRDA:38,7,0,0
BRDA:38,7,1,0
BRDA:53,8,0,0
BRDA:53,9,0,0
BRDA:56,10,0,0
BRDA:56,10,1,0
BRDA:62,11,0,0
BRDA:62,11,1,0
BRDA:62,12,0,0
BRDA:62,12,1,0
BRDA:63,13,0,0
BRDA:63,13,1,0
BRDA:70,14,0,0
BRDA:70,14,1,0
BRDA:84,15,0,0
BRDA:84,15,1,0
BRDA:91,16,0,0
BRDA:91,16,1,0
BRDA:97,17,0,0
BRDA:97,17,1,0
BRDA:97,18,0,0
BRDA:97,18,1,0
BRDA:114,19,0,0
BRDA:118,20,0,0
BRDA:122,21,0,0
BRDA:126,22,0,0
BRF:41
BRH:0
end_of_record
TN:
SF:src\api\simple-rest-api.js
FN:20,(anonymous_0)
FN:59,(anonymous_1)
FN:130,(anonymous_2)
FN:133,(anonymous_3)
FN:173,(anonymous_4)
FN:177,(anonymous_5)
FN:181,(anonymous_6)
FN:185,(anonymous_7)
FNF:8
FNH:5
FNDA:3,(anonymous_0)
FNDA:4,(anonymous_1)
FNDA:4,(anonymous_2)
FNDA:3,(anonymous_3)
FNDA:0,(anonymous_4)
FNDA:1,(anonymous_5)
FNDA:0,(anonymous_6)
FNDA:0,(anonymous_7)
DA:5,3
DA:6,3
DA:7,3
DA:21,3
DA:22,3
DA:23,3
DA:26,3
DA:28,1
DA:31,2
DA:32,2
DA:33,2
DA:41,0
DA:42,0
DA:47,3
DA:60,4
DA:62,4
DA:63,0
DA:67,4
DA:75,4
DA:78,4
DA:79,4
DA:80,0
DA:84,4
DA:85,4
DA:86,1
DA:90,4
DA:93,4
DA:101,4
DA:106,4
DA:107,1
DA:111,4
DA:112,4
DA:113,4
DA:116,4
DA:125,4
DA:131,4
DA:133,3
DA:139,4
DA:140,1
DA:143,4
DA:145,4
DA:147,2
DA:150,2
DA:151,2
DA:153,2
DA:154,2
DA:156,2
DA:158,0
DA:168,2
DA:174,0
DA:178,1
DA:182,0
DA:186,0
DA:190,3
LF:54
LH:46
BRDA:20,0,0,0
BRDA:21,1,0,3
BRDA:21,1,1,0
BRDA:21,1,2,0
BRDA:22,2,0,3
BRDA:22,2,1,2
BRDA:23,3,0,3
BRDA:23,3,1,3
BRDA:26,4,0,1
BRDA:26,4,1,2
BRDA:34,5,0,2
BRDA:34,5,1,0
BRDA:34,5,2,0
BRDA:35,6,0,2
BRDA:35,6,1,0
BRDA:36,7,0,2
BRDA:36,7,1,0
BRDA:37,8,0,2
BRDA:37,8,1,2
BRDA:47,9,0,3
BRDA:47,9,1,1
BRDA:47,9,2,0
BRDA:59,10,0,2
BRDA:59,11,0,3
BRDA:59,12,0,4
BRDA:62,13,0,0
BRDA:62,13,1,4
BRDA:71,14,0,1
BRDA:71,14,1,3
BRDA:79,15,0,0
BRDA:79,15,1,4
BRDA:85,16,0,1
BRDA:85,16,1,3
BRDA:85,17,0,4
BRDA:85,17,1,1
BRDA:86,18,0,0
BRDA:86,18,1,1
BRDA:106,19,0,1
BRDA:106,19,1,3
BRDA:112,20,0,4
BRDA:112,20,1,0
BRDA:121,21,0,1
BRDA:121,21,1,3
BRDA:121,22,0,0
BRDA:121,22,1,1
BRDA:139,23,0,1
BRDA:139,23,1,3
BRDA:150,24,0,2
BRDA:150,24,1,0
BRDA:156,25,0,0
BRDA:156,25,1,2
BRDA:156,26,0,2
BRDA:156,26,1,0
BRDA:173,27,0,0
BRDA:177,28,0,1
BRDA:181,29,0,0
BRDA:185,30,0,0
BRF:57
BRH:38
end_of_record
TN:
SF:src\auth\auth-manager.js
FN:21,(anonymous_0)
FN:46,(anonymous_1)
FN:57,(anonymous_2)
FN:67,(anonymous_3)
FN:81,(anonymous_4)
FN:95,(anonymous_5)
FN:112,(anonymous_6)
FN:129,(anonymous_7)
FNF:8
FNH:7
FNDA:4,(anonymous_0)
FNDA:6,(anonymous_1)
FNDA:6,(anonymous_2)
FNDA:4,(anonymous_3)
FNDA:4,(anonymous_4)
FNDA:6,(anonymous_5)
FNDA:0,(anonymous_6)
FNDA:6,(anonymous_7)
DA:2,5
DA:3,5
DA:4,5
DA:5,5
DA:6,5
DA:7,5
DA:23,4
DA:24,4
DA:25,4
DA:26,4
DA:27,4
DA:30,4
DA:31,0
DA:34,4
DA:35,0
DA:38,4
DA:47,6
DA:48,6
DA:58,6
DA:59,4
DA:63,2
DA:66,2
DA:67,2
DA:69,4
DA:70,0
DA:71,4
DA:72,0
DA:74,4
DA:79,2
DA:82,4
DA:96,6
DA:98,0
DA:103,6
DA:113,0
DA:131,6
DA:134,6
DA:137,6
DA:140,6
DA:143,6
DA:147,6
DA:150,6
DA:151,6
DA:152,2
DA:157,6
DA:172,6
DA:177,6
DA:186,6
DA:187,2
DA:191,6
DA:202,6
DA:203,6
DA:204,6
DA:206,6
DA:210,5
LF:54
LH:48
BRDA:23,0,0,4
BRDA:23,0,1,0
BRDA:23,0,2,0
BRDA:24,1,0,4
BRDA:24,1,1,0
BRDA:25,2,0,4
BRDA:25,2,1,0
BRDA:26,3,0,4
BRDA:26,3,1,3
BRDA:30,4,0,0
BRDA:30,4,1,4
BRDA:30,5,0,4
BRDA:30,5,1,4
BRDA:30,5,2,4
BRDA:34,6,0,0
BRDA:34,6,1,4
BRDA:34,7,0,4
BRDA:34,7,1,0
BRDA:57,8,0,0
BRDA:58,9,0,4
BRDA:58,9,1,2
BRDA:58,10,0,6
BRDA:58,10,1,6
BRDA:69,11,0,0
BRDA:69,11,1,4
BRDA:69,12,0,4
BRDA:69,12,1,4
BRDA:71,13,0,0
BRDA:71,13,1,4
BRDA:95,14,0,0
BRDA:95,15,0,1
BRDA:96,16,0,0
BRDA:96,16,1,6
BRDA:129,17,0,0
BRDA:129,18,0,0
BRDA:131,19,0,6
BRDA:131,19,1,0
BRDA:147,20,0,2
BRDA:147,20,1,4
BRDA:151,21,0,2
BRDA:151,21,1,4
BRDA:151,22,0,6
BRDA:151,22,1,2
BRDA:186,23,0,2
BRDA:186,23,1,4
BRF:45
BRH:30
end_of_record
TN:
SF:src\auth\onshape-auth.js
FN:17,(anonymous_0)
FN:51,(anonymous_1)
FN:58,(anonymous_2)
FN:114,(anonymous_3)
FN:153,(anonymous_4)
FN:157,(anonymous_5)
FN:173,(anonymous_6)
FN:177,(anonymous_7)
FN:181,(anonymous_8)
FN:190,(anonymous_9)
FN:202,(anonymous_10)
FN:215,(anonymous_11)
FN:234,(anonymous_12)
FNF:13
FNH:6
FNDA:2,(anonymous_0)
FNDA:2,(anonymous_1)
FNDA:0,(anonymous_2)
FNDA:2,(anonymous_3)
FNDA:2,(anonymous_4)
FNDA:3,(anonymous_5)
FNDA:0,(anonymous_6)
FNDA:0,(anonymous_7)
FNDA:0,(anonymous_8)
FNDA:0,(anonymous_9)
FNDA:0,(anonymous_10)
FNDA:1,(anonymous_11)
FNDA:0,(anonymous_12)
DA:5,5
DA:6,5
DA:7,5
DA:18,2
DA:19,2
DA:20,2
DA:21,2
DA:24,2
DA:25,1
DA:29,1
DA:30,0
DA:34,1
DA:53,2
DA:56,2
DA:58,0
DA:62,2
DA:63,2
DA:64,0
DA:66,2
DA:69,2
DA:72,2
DA:76,2
DA:86,2
DA:91,2
DA:99,2
DA:115,2
DA:117,2
DA:119,2
DA:122,2
DA:130,1
DA:133,1
DA:134,1
DA:136,1
DA:137,0
DA:140,1
DA:146,1
DA:154,2
DA:156,2
DA:157,2
DA:158,3
DA:161,2
DA:166,2
DA:168,0
DA:169,0
DA:174,0
DA:178,0
DA:182,0
DA:191,0
DA:204,0
DA:217,1
DA:223,1
DA:224,1
DA:235,0
DA:236,0
DA:239,0
DA:240,0
DA:243,0
DA:252,0
DA:257,0
DA:261,5
LF:60
LH:42
BRDA:18,0,0,2
BRDA:18,0,1,1
BRDA:19,1,0,2
BRDA:19,1,1,1
BRDA:20,2,0,2
BRDA:20,2,1,1
BRDA:24,3,0,1
BRDA:24,3,1,1
BRDA:24,4,0,2
BRDA:24,4,1,1
BRDA:29,5,0,0
BRDA:29,5,1,1
BRDA:51,6,0,0
BRDA:51,7,0,0
BRDA:63,8,0,0
BRDA:63,8,1,2
BRDA:66,9,0,0
BRDA:66,9,1,2
BRDA:72,10,0,2
BRDA:72,10,1,2
BRDA:82,11,0,2
BRDA:82,11,1,2
BRDA:114,12,0,0
BRDA:115,13,0,2
BRDA:115,14,0,2
BRDA:134,15,0,1
BRDA:134,15,1,0
BRDA:136,16,0,0
BRDA:136,16,1,1
BRDA:153,17,0,1
BRDA:157,18,0,2
BRDA:157,18,1,0
BRDA:158,19,0,0
BRDA:158,19,1,3
BRDA:173,20,0,0
BRDA:177,21,0,0
BRDA:181,22,0,0
BRDA:234,23,0,0
BRDA:239,24,0,0
BRDA:239,24,1,0
BRF:40
BRH:24
end_of_record
TN:
SF:src\utils\logger.js
FN:10,(anonymous_0)
FN:35,(anonymous_1)
FN:42,(anonymous_2)
FN:59,(anonymous_3)
FN:76,(anonymous_4)
FN:98,(anonymous_5)
FN:116,(anonymous_6)
FN:135,(anonymous_7)
FN:139,(anonymous_8)
FN:140,(anonymous_9)
FN:156,(anonymous_10)
FN:162,(anonymous_11)
FN:181,(anonymous_12)
FNF:13
FNH:8
FNDA:5,(anonymous_0)
FNDA:48,(anonymous_1)
FNDA:8,(anonymous_2)
FNDA:37,(anonymous_3)
FNDA:3,(anonymous_4)
FNDA:0,(anonymous_5)
FNDA:0,(anonymous_6)
FNDA:10,(anonymous_7)
FNDA:40,(anonymous_8)
FNDA:47,(anonymous_9)
FNDA:0,(anonymous_10)
FNDA:0,(anonymous_11)
FNDA:0,(anonymous_12)
DA:2,5
DA:3,5
DA:11,5
DA:12,5
DA:13,5
DA:14,5
DA:15,5
DA:23,5
DA:24,0
DA:29,5
DA:36,48
DA:43,8
DA:44,8
DA:45,8
DA:47,0
DA:50,8
DA:51,0
DA:60,37
DA:61,18
DA:62,18
DA:64,0
DA:67,18
DA:68,0
DA:77,3
DA:78,3
DA:79,3
DA:86,0
DA:89,3
DA:90,0
DA:99,0
DA:100,0
DA:101,0
DA:103,0
DA:106,0
DA:107,0
DA:117,0
DA:119,0
DA:120,0
DA:123,0
DA:128,0
DA:136,10
DA:139,10
DA:140,40
DA:141,47
DA:142,47
DA:144,0
DA:149,10
DA:157,0
DA:159,0
DA:161,0
DA:162,0
DA:163,0
DA:165,0
DA:166,0
DA:168,0
DA:169,0
DA:171,0
DA:172,0
DA:174,0
DA:175,0
DA:180,0
DA:181,0
DA:182,0
DA:185,0
DA:189,0
DA:194,5
LF:66
LH:29
BRDA:10,0,0,5
BRDA:12,1,0,5
BRDA:12,1,1,5
BRDA:13,2,0,5
BRDA:13,2,1,5
BRDA:14,3,0,5
BRDA:14,3,1,5
BRDA:23,4,0,0
BRDA:23,4,1,5
BRDA:23,5,0,5
BRDA:23,5,1,0
BRDA:43,6,0,8
BRDA:43,6,1,0
BRDA:44,7,0,8
BRDA:44,7,1,0
BRDA:50,8,0,0
BRDA:50,8,1,8
BRDA:60,9,0,18
BRDA:60,9,1,19
BRDA:61,10,0,18
BRDA:61,10,1,0
BRDA:67,11,0,0
BRDA:67,11,1,18
BRDA:77,12,0,3
BRDA:77,12,1,0
BRDA:78,13,0,3
BRDA:78,13,1,0
BRDA:82,14,0,3
BRDA:82,14,1,0
BRDA:82,15,0,3
BRDA:82,15,1,3
BRDA:89,16,0,0
BRDA:89,16,1,3
BRDA:90,17,0,0
BRDA:90,17,1,0
BRDA:90,18,0,0
BRDA:90,18,1,0
BRDA:99,19,0,0
BRDA:99,19,1,0
BRDA:100,20,0,0
BRDA:100,20,1,0
BRDA:106,21,0,0
BRDA:106,21,1,0
BRDA:119,22,0,0
BRDA:119,22,1,0
BRDA:141,23,0,47
BRDA:141,23,1,0
BRDA:141,24,0,47
BRDA:141,24,1,47
BRDA:156,25,0,0
BRDA:157,26,0,0
BRDA:157,26,1,0
BRDA:159,27,0,0
BRDA:159,28,0,0
BRDA:159,29,0,0
BRDA:161,30,0,0
BRDA:161,30,1,0
BRDA:163,31,0,0
BRDA:163,31,1,0
BRDA:163,31,2,0
BRDA:163,31,3,0
BRDA:165,32,0,0
BRDA:165,32,1,0
BRDA:168,33,0,0
BRDA:168,33,1,0
BRDA:171,34,0,0
BRDA:171,34,1,0
BRDA:180,35,0,0
BRDA:180,35,1,0
BRF:69
BRH:25
end_of_record
